Using pre-set license
Built from '2021.3/staging' branch; Version is '2021.3.2f1 (d6360bedb9a0) revision 14038539'; Using compiler version '192829333'; Build Type 'Release'
OS: 'Windows 10  (10.0.19043) 64bit Professional' Language: 'tr' Physical Memory: 15792 MB
BatchMode: 1, IsHumanControllingUs: 0, StartBugReporterOnCrash: 0, Is64bit: 1, IsPro: 1

COMMAND LINE ARGUMENTS:
C:\Program Files\Unity\Hub\Editor\2021.3.2f1\Editor\Unity.exe
-adb2
-batchMode
-noUpm
-name
AssetImportWorker6
-projectPath
C:/Users/zsser/Documents/GitHub/unity.game/ball.game
-logFile
Logs/AssetImportWorker6.log
-srvPort
56802
Successfully changed project path to: C:/Users/zsser/Documents/GitHub/unity.game/ball.game
C:/Users/zsser/Documents/GitHub/unity.game/ball.game
[UnityMemory] Configuration Parameters - Can be set up in boot.config
    "memorysetup-bucket-allocator-granularity=16"
    "memorysetup-bucket-allocator-bucket-count=8"
    "memorysetup-bucket-allocator-block-size=33554432"
    "memorysetup-bucket-allocator-block-count=8"
    "memorysetup-main-allocator-block-size=16777216"
    "memorysetup-thread-allocator-block-size=16777216"
    "memorysetup-gfx-main-allocator-block-size=16777216"
    "memorysetup-gfx-thread-allocator-block-size=16777216"
    "memorysetup-cache-allocator-block-size=4194304"
    "memorysetup-typetree-allocator-block-size=2097152"
    "memorysetup-profiler-bucket-allocator-granularity=16"
    "memorysetup-profiler-bucket-allocator-bucket-count=8"
    "memorysetup-profiler-bucket-allocator-block-size=33554432"
    "memorysetup-profiler-bucket-allocator-block-count=8"
    "memorysetup-profiler-allocator-block-size=16777216"
    "memorysetup-profiler-editor-allocator-block-size=1048576"
    "memorysetup-temp-allocator-size-main=16777216"
    "memorysetup-job-temp-allocator-block-size=2097152"
    "memorysetup-job-temp-allocator-block-size-background=1048576"
    "memorysetup-job-temp-allocator-reduction-small-platforms=262144"
    "memorysetup-temp-allocator-size-background-worker=32768"
    "memorysetup-temp-allocator-size-job-worker=262144"
    "memorysetup-temp-allocator-size-preload-manager=33554432"
    "memorysetup-temp-allocator-size-nav-mesh-worker=65536"
    "memorysetup-temp-allocator-size-audio-worker=65536"
    "memorysetup-temp-allocator-size-cloud-worker=32768"
    "memorysetup-temp-allocator-size-gi-baking-worker=262144"
    "memorysetup-temp-allocator-size-gfx=262144"
Refreshing native plugins compatible for Editor in 93.46 ms, found 5 plugins.
Preloading 0 native plugins for Editor in 0.00 ms.
Initialize engine version: 2021.3.2f1 (d6360bedb9a0)
[Subsystems] Discovering subsystems at path C:/Program Files/Unity/Hub/Editor/2021.3.2f1/Editor/Data/Resources/UnitySubsystems
[Subsystems] Discovering subsystems at path C:/Users/zsser/Documents/GitHub/unity.game/ball.game/Assets
GfxDevice: creating device client; threaded=0; jobified=0
Direct3D:
    Version:  Direct3D 11.0 [level 11.1]
    Renderer: NVIDIA GeForce RTX 3050 Ti Laptop GPU (ID=0x25a0)
    Vendor:   NVIDIA
    VRAM:     3990 MB
    Driver:   30.0.15.1278
Initialize mono
Mono path[0] = 'C:/Program Files/Unity/Hub/Editor/2021.3.2f1/Editor/Data/Managed'
Mono path[1] = 'C:/Program Files/Unity/Hub/Editor/2021.3.2f1/Editor/Data/MonoBleedingEdge/lib/mono/unityjit-win32'
Mono config path = 'C:/Program Files/Unity/Hub/Editor/2021.3.2f1/Editor/Data/MonoBleedingEdge/etc'
Using monoOptions --debugger-agent=transport=dt_socket,embedding=1,server=y,suspend=n,address=127.0.0.1:56320
Begin MonoManager ReloadAssembly
Registering precompiled unity dll's ...
Register platform support module: C:/Program Files/Unity/Hub/Editor/2021.3.2f1/Editor/Data/PlaybackEngines/WebGLSupport/UnityEditor.WebGL.Extensions.dll
Register platform support module: C:/Program Files/Unity/Hub/Editor/2021.3.2f1/Editor/Data/PlaybackEngines/WindowsStandaloneSupport/UnityEditor.WindowsStandalone.Extensions.dll
Registered in 0.165771 seconds.
Native extension for WindowsStandalone target not found
Native extension for WebGL target not found
Refreshing native plugins compatible for Editor in 89.55 ms, found 5 plugins.
Preloading 0 native plugins for Editor in 0.00 ms.
Mono: successfully reloaded assembly
- Completed reload, in  4.002 seconds
Domain Reload Profiling:
	ReloadAssembly (4003ms)
		BeginReloadAssembly (3287ms)
			ExecutionOrderSort (0ms)
			DisableScriptedObjects (0ms)
			BackupInstance (0ms)
			ReleaseScriptingObjects (0ms)
			CreateAndSetChildDomain (1ms)
		EndReloadAssembly (441ms)
			LoadAssemblies (3286ms)
			RebuildTransferFunctionScriptingTraits (0ms)
			SetupTypeCache (105ms)
			ReleaseScriptCaches (0ms)
			RebuildScriptCaches (27ms)
			SetupLoadedEditorAssemblies (255ms)
				LogAssemblyErrors (0ms)
				InitializePlatformSupportModulesInManaged (10ms)
				SetLoadedEditorAssemblies (0ms)
				RefreshPlugins (90ms)
				BeforeProcessingInitializeOnLoad (1ms)
				ProcessInitializeOnLoadAttributes (112ms)
				ProcessInitializeOnLoadMethodAttributes (42ms)
				AfterProcessingInitializeOnLoad (0ms)
				EditorAssembliesLoaded (0ms)
			ExecutionOrderSort2 (0ms)
			AwakeInstancesAfterBackupRestoration (0ms)
Platform modules already initialized, skipping
Registering precompiled user dll's ...
Registered in 0.008918 seconds.
Begin MonoManager ReloadAssembly
Symbol file LoadedFromMemory doesn't match image C:\Users\zsser\Documents\GitHub\unity.game\ball.game\Library\PackageCache\com.unity.visualscripting@1.7.6\Editor\VisualScripting.Core\Dependencies\YamlDotNet\Unity.VisualScripting.YamlDotNet.dll
Symbol file LoadedFromMemory doesn't match image C:\Users\zsser\Documents\GitHub\unity.game\ball.game\Library\PackageCache\com.unity.visualscripting@1.7.6\Editor\VisualScripting.Core\Dependencies\DotNetZip\Unity.VisualScripting.IonicZip.dll
Native extension for WindowsStandalone target not found
Native extension for WebGL target not found
Refreshing native plugins compatible for Editor in 0.70 ms, found 5 plugins.
Preloading 0 native plugins for Editor in 0.00 ms.
Mono: successfully reloaded assembly
- Completed reload, in  2.257 seconds
Domain Reload Profiling:
	ReloadAssembly (2258ms)
		BeginReloadAssembly (106ms)
			ExecutionOrderSort (0ms)
			DisableScriptedObjects (5ms)
			BackupInstance (0ms)
			ReleaseScriptingObjects (0ms)
			CreateAndSetChildDomain (20ms)
		EndReloadAssembly (1987ms)
			LoadAssemblies (153ms)
			RebuildTransferFunctionScriptingTraits (0ms)
			SetupTypeCache (250ms)
			ReleaseScriptCaches (1ms)
			RebuildScriptCaches (47ms)
			SetupLoadedEditorAssemblies (1506ms)
				LogAssemblyErrors (0ms)
				InitializePlatformSupportModulesInManaged (7ms)
				SetLoadedEditorAssemblies (0ms)
				RefreshPlugins (1ms)
				BeforeProcessingInitializeOnLoad (83ms)
				ProcessInitializeOnLoadAttributes (235ms)
				ProcessInitializeOnLoadMethodAttributes (1171ms)
				AfterProcessingInitializeOnLoad (8ms)
				EditorAssembliesLoaded (0ms)
			ExecutionOrderSort2 (0ms)
			AwakeInstancesAfterBackupRestoration (5ms)
Platform modules already initialized, skipping
========================================================================
Worker process is ready to serve import requests
Launched and connected shader compiler UnityShaderCompiler.exe after 0.06 seconds
Refreshing native plugins compatible for Editor in 0.90 ms, found 5 plugins.
Preloading 0 native plugins for Editor in 0.00 ms.
Unloading 3396 Unused Serialized files (Serialized files now loaded: 0)
Unloading 46 unused Assets / (192.2 KB). Loaded Objects now: 3879.
Memory consumption went from 118.9 MB to 118.7 MB.
Total: 3.887200 ms (FindLiveObjects: 0.457100 ms CreateObjectMapping: 0.132600 ms MarkObjects: 3.111300 ms  DeleteObjects: 0.184300 ms)

AssetImportParameters requested are different than current active one (requested -> active):
  custom:video-decoder-ogg-theora: a1e56fd34408186e4bbccfd4996cb3dc -> 
  custom:container-muxer-webm: aa71ff27fc2769a1b78a27578f13a17b -> 
  custom:container-demuxer-webm: 4f35f7cbe854078d1ac9338744f61a02 -> 
  custom:video-encoder-webm-vp8: eb34c28f22e8b96e1ab97ce403110664 -> 
  custom:audio-encoder-webm-vorbis: bf7c407c2cedff20999df2af8eb42d56 -> 
  custom:framework-win-MediaFoundation: 216162199b28c13a410421893ffa2e32 -> 
  custom:container-demuxer-ogg: 62fdf1f143b41e24485cea50d1cbac27 -> 
  custom:video-decoder-webm-vp8: 9c59270c3fd7afecdb556c50c9e8de78 -> 
  custom:audio-decoder-ogg-vorbis: bf7c407c2cedff20999df2af8eb42d56 -> 
========================================================================
Received Import Request.
  Time since last request: 1488872.921367 seconds.
  path: Assets/assets/Free/Wooden Floor Pack/Demo
  artifactKey: Guid(047f9dacd80dd7b47bbc319f1965f5ce) Importer(815301076,1909f56bfc062723c751e8b465ee728b)
Start importing Assets/assets/Free/Wooden Floor Pack/Demo using Guid(047f9dacd80dd7b47bbc319f1965f5ce) Importer(815301076,1909f56bfc062723c751e8b465ee728b)  -> (artifact id: '4ac6aeb17cd8cdb5d6564f74909e56aa') in 0.019677 seconds 
========================================================================
Received Import Request.
  Time since last request: 6.714111 seconds.
  path: Assets/assets/Free/Wooden Floor Pack/Demo/Floor Demo.unity
  artifactKey: Guid(e0eb03a59338dc442b592554c118da79) Importer(815301076,1909f56bfc062723c751e8b465ee728b)
Start importing Assets/assets/Free/Wooden Floor Pack/Demo/Floor Demo.unity using Guid(e0eb03a59338dc442b592554c118da79) Importer(815301076,1909f56bfc062723c751e8b465ee728b)  -> (artifact id: 'faafdbede3253a8303fca01539badb20') in 0.006919 seconds 
========================================================================
Received Import Request.
  Time since last request: 10.863872 seconds.
  path: Assets/Scenes/SampleScene.unity
  artifactKey: Guid(9fc0d4010bbf28b4594072e72b8655ab) Importer(815301076,1909f56bfc062723c751e8b465ee728b)
Start importing Assets/Scenes/SampleScene.unity using Guid(9fc0d4010bbf28b4594072e72b8655ab) Importer(815301076,1909f56bfc062723c751e8b465ee728b)  -> (artifact id: '494c578296cc10fc4cd5f6f73f42bcd9') in 0.007238 seconds 
========================================================================
Received Import Request.
  Time since last request: 23.940624 seconds.
  path: Assets/materials/black.mat
  artifactKey: Guid(e8d5ec838f0ba1b4da135814643ea08f) Importer(815301076,1909f56bfc062723c751e8b465ee728b)
Start importing Assets/materials/black.mat using Guid(e8d5ec838f0ba1b4da135814643ea08f) Importer(815301076,1909f56bfc062723c751e8b465ee728b)  -> (artifact id: '930803e495ddcfd983e5f753ccbc80aa') in 0.114532 seconds 
========================================================================
Received Import Request.
  Time since last request: 208.832925 seconds.
  path: Assets/assets/Meshes/Concrete pipes/Meshes
  artifactKey: Guid(1645541976f5eb9499b3b8a29ce424eb) Importer(815301076,1909f56bfc062723c751e8b465ee728b)
Start importing Assets/assets/Meshes/Concrete pipes/Meshes using Guid(1645541976f5eb9499b3b8a29ce424eb) Importer(815301076,1909f56bfc062723c751e8b465ee728b)  -> (artifact id: '72137fc445e6a9844cf1f4455af55383') in 0.006620 seconds 
========================================================================
Received Import Request.
  Time since last request: 0.064267 seconds.
  path: Assets/assets/Meshes/Concrete pipes/Meshes/Concrete pipe bend.obj
  artifactKey: Guid(95b8d7fadd7c26d42b50b69efecd7ac1) Importer(815301076,1909f56bfc062723c751e8b465ee728b)
Start importing Assets/assets/Meshes/Concrete pipes/Meshes/Concrete pipe bend.obj using Guid(95b8d7fadd7c26d42b50b69efecd7ac1) Importer(815301076,1909f56bfc062723c751e8b465ee728b)  -> (artifact id: 'b7194444fcc098178881055833f9c5e0') in 0.102478 seconds 
========================================================================
Received Import Request.
  Time since last request: 0.000027 seconds.
  path: Assets/assets/Meshes/Concrete pipes/Meshes/Concrete pipe main.obj
  artifactKey: Guid(f7260c28ba15eea47ada6570bd80de0d) Importer(815301076,1909f56bfc062723c751e8b465ee728b)
Start importing Assets/assets/Meshes/Concrete pipes/Meshes/Concrete pipe main.obj using Guid(f7260c28ba15eea47ada6570bd80de0d) Importer(815301076,1909f56bfc062723c751e8b465ee728b)  -> (artifact id: '59affaf364826b87e33c1720e401b090') in 0.057821 seconds 
========================================================================
Received Import Request.
  Time since last request: 0.000042 seconds.
  path: Assets/assets/Meshes/Concrete pipes/Meshes/Concrete pipe joint.obj
  artifactKey: Guid(bbe07b5af6295f347800b425f4434c67) Importer(815301076,1909f56bfc062723c751e8b465ee728b)
Start importing Assets/assets/Meshes/Concrete pipes/Meshes/Concrete pipe joint.obj using Guid(bbe07b5af6295f347800b425f4434c67) Importer(815301076,1909f56bfc062723c751e8b465ee728b)  -> (artifact id: '06eb130ae1972c16246426f169b07e8c') in 0.061932 seconds 
========================================================================
Received Import Request.
  Time since last request: 3.738058 seconds.
  path: Assets/assets/Meshes/Concrete pipes/Textures/Concrete pipes normal.tga
  artifactKey: Guid(1282db5dc2165104580b5d41e7a3815a) Importer(815301076,1909f56bfc062723c751e8b465ee728b)
Start importing Assets/assets/Meshes/Concrete pipes/Textures/Concrete pipes normal.tga using Guid(1282db5dc2165104580b5d41e7a3815a) Importer(815301076,1909f56bfc062723c751e8b465ee728b)  -> (artifact id: 'bb997389428aec2f81a8b1fc0b1c81d5') in 0.039411 seconds 
========================================================================
Received Prepare
Registering precompiled user dll's ...
Registered in 0.008756 seconds.
Begin MonoManager ReloadAssembly
Symbol file LoadedFromMemory doesn't match image C:\Users\zsser\Documents\GitHub\unity.game\ball.game\Library\PackageCache\com.unity.visualscripting@1.7.6\Editor\VisualScripting.Core\Dependencies\YamlDotNet\Unity.VisualScripting.YamlDotNet.dll
Symbol file LoadedFromMemory doesn't match image C:\Users\zsser\Documents\GitHub\unity.game\ball.game\Library\PackageCache\com.unity.visualscripting@1.7.6\Editor\VisualScripting.Core\Dependencies\DotNetZip\Unity.VisualScripting.IonicZip.dll
Native extension for WindowsStandalone target not found
Native extension for WebGL target not found
Refreshing native plugins compatible for Editor in 0.77 ms, found 5 plugins.
Preloading 0 native plugins for Editor in 0.00 ms.
Mono: successfully reloaded assembly
- Completed reload, in  0.957 seconds
Domain Reload Profiling:
	ReloadAssembly (958ms)
		BeginReloadAssembly (136ms)
			ExecutionOrderSort (0ms)
			DisableScriptedObjects (4ms)
			BackupInstance (0ms)
			ReleaseScriptingObjects (0ms)
			CreateAndSetChildDomain (40ms)
		EndReloadAssembly (725ms)
			LoadAssemblies (87ms)
			RebuildTransferFunctionScriptingTraits (0ms)
			SetupTypeCache (246ms)
			ReleaseScriptCaches (1ms)
			RebuildScriptCaches (40ms)
			SetupLoadedEditorAssemblies (318ms)
				LogAssemblyErrors (0ms)
				InitializePlatformSupportModulesInManaged (14ms)
				SetLoadedEditorAssemblies (0ms)
				RefreshPlugins (1ms)
				BeforeProcessingInitializeOnLoad (67ms)
				ProcessInitializeOnLoadAttributes (199ms)
				ProcessInitializeOnLoadMethodAttributes (28ms)
				AfterProcessingInitializeOnLoad (8ms)
				EditorAssembliesLoaded (0ms)
			ExecutionOrderSort2 (0ms)
			AwakeInstancesAfterBackupRestoration (5ms)
Platform modules already initialized, skipping
Refreshing native plugins compatible for Editor in 2.50 ms, found 5 plugins.
Preloading 0 native plugins for Editor in 0.00 ms.
Unloading 3388 Unused Serialized files (Serialized files now loaded: 0)
Unloading 39 unused Assets / (159.1 KB). Loaded Objects now: 3927.
Memory consumption went from 123.3 MB to 123.1 MB.
Total: 3.260000 ms (FindLiveObjects: 0.371400 ms CreateObjectMapping: 0.085300 ms MarkObjects: 2.603500 ms  DeleteObjects: 0.198600 ms)

AssetImportParameters requested are different than current active one (requested -> active):
  custom:video-decoder-ogg-theora: a1e56fd34408186e4bbccfd4996cb3dc -> 
  custom:container-muxer-webm: aa71ff27fc2769a1b78a27578f13a17b -> 
  custom:container-demuxer-webm: 4f35f7cbe854078d1ac9338744f61a02 -> 
  custom:video-encoder-webm-vp8: eb34c28f22e8b96e1ab97ce403110664 -> 
  custom:audio-encoder-webm-vorbis: bf7c407c2cedff20999df2af8eb42d56 -> 
  custom:framework-win-MediaFoundation: 216162199b28c13a410421893ffa2e32 -> 
  custom:container-demuxer-ogg: 62fdf1f143b41e24485cea50d1cbac27 -> 
  custom:video-decoder-webm-vp8: 9c59270c3fd7afecdb556c50c9e8de78 -> 
  custom:audio-decoder-ogg-vorbis: bf7c407c2cedff20999df2af8eb42d56 -> 
