Using pre-set license
Built from '2021.3/staging' branch; Version is '2021.3.2f1 (d6360bedb9a0) revision 14038539'; Using compiler version '192829333'; Build Type 'Release'
OS: 'Windows 10  (10.0.19043) 64bit Professional' Language: 'tr' Physical Memory: 15792 MB
BatchMode: 1, IsHumanControllingUs: 0, StartBugReporterOnCrash: 0, Is64bit: 1, IsPro: 1

COMMAND LINE ARGUMENTS:
C:\Program Files\Unity\Hub\Editor\2021.3.2f1\Editor\Unity.exe
-adb2
-batchMode
-noUpm
-name
AssetImportWorker4
-projectPath
C:/Users/zsser/Documents/GitHub/unity.game/ball.game
-logFile
Logs/AssetImportWorker4.log
-srvPort
56802
Successfully changed project path to: C:/Users/zsser/Documents/GitHub/unity.game/ball.game
C:/Users/zsser/Documents/GitHub/unity.game/ball.game
[UnityMemory] Configuration Parameters - Can be set up in boot.config
    "memorysetup-bucket-allocator-granularity=16"
    "memorysetup-bucket-allocator-bucket-count=8"
    "memorysetup-bucket-allocator-block-size=33554432"
    "memorysetup-bucket-allocator-block-count=8"
    "memorysetup-main-allocator-block-size=16777216"
    "memorysetup-thread-allocator-block-size=16777216"
    "memorysetup-gfx-main-allocator-block-size=16777216"
    "memorysetup-gfx-thread-allocator-block-size=16777216"
    "memorysetup-cache-allocator-block-size=4194304"
    "memorysetup-typetree-allocator-block-size=2097152"
    "memorysetup-profiler-bucket-allocator-granularity=16"
    "memorysetup-profiler-bucket-allocator-bucket-count=8"
    "memorysetup-profiler-bucket-allocator-block-size=33554432"
    "memorysetup-profiler-bucket-allocator-block-count=8"
    "memorysetup-profiler-allocator-block-size=16777216"
    "memorysetup-profiler-editor-allocator-block-size=1048576"
    "memorysetup-temp-allocator-size-main=16777216"
    "memorysetup-job-temp-allocator-block-size=2097152"
    "memorysetup-job-temp-allocator-block-size-background=1048576"
    "memorysetup-job-temp-allocator-reduction-small-platforms=262144"
    "memorysetup-temp-allocator-size-background-worker=32768"
    "memorysetup-temp-allocator-size-job-worker=262144"
    "memorysetup-temp-allocator-size-preload-manager=33554432"
    "memorysetup-temp-allocator-size-nav-mesh-worker=65536"
    "memorysetup-temp-allocator-size-audio-worker=65536"
    "memorysetup-temp-allocator-size-cloud-worker=32768"
    "memorysetup-temp-allocator-size-gi-baking-worker=262144"
    "memorysetup-temp-allocator-size-gfx=262144"
Refreshing native plugins compatible for Editor in 79.34 ms, found 3 plugins.
Preloading 0 native plugins for Editor in 0.00 ms.
Initialize engine version: 2021.3.2f1 (d6360bedb9a0)
[Subsystems] Discovering subsystems at path C:/Program Files/Unity/Hub/Editor/2021.3.2f1/Editor/Data/Resources/UnitySubsystems
[Subsystems] Discovering subsystems at path C:/Users/zsser/Documents/GitHub/unity.game/ball.game/Assets
GfxDevice: creating device client; threaded=0; jobified=0
Direct3D:
    Version:  Direct3D 11.0 [level 11.1]
    Renderer: NVIDIA GeForce RTX 3050 Ti Laptop GPU (ID=0x25a0)
    Vendor:   NVIDIA
    VRAM:     3990 MB
    Driver:   30.0.15.1278
Initialize mono
Mono path[0] = 'C:/Program Files/Unity/Hub/Editor/2021.3.2f1/Editor/Data/Managed'
Mono path[1] = 'C:/Program Files/Unity/Hub/Editor/2021.3.2f1/Editor/Data/MonoBleedingEdge/lib/mono/unityjit-win32'
Mono config path = 'C:/Program Files/Unity/Hub/Editor/2021.3.2f1/Editor/Data/MonoBleedingEdge/etc'
Using monoOptions --debugger-agent=transport=dt_socket,embedding=1,server=y,suspend=n,address=127.0.0.1:56832
Begin MonoManager ReloadAssembly
Registering precompiled unity dll's ...
Register platform support module: C:/Program Files/Unity/Hub/Editor/2021.3.2f1/Editor/Data/PlaybackEngines/WebGLSupport/UnityEditor.WebGL.Extensions.dll
Register platform support module: C:/Program Files/Unity/Hub/Editor/2021.3.2f1/Editor/Data/PlaybackEngines/WindowsStandaloneSupport/UnityEditor.WindowsStandalone.Extensions.dll
Registered in 0.006768 seconds.
Native extension for WindowsStandalone target not found
Native extension for WebGL target not found
Refreshing native plugins compatible for Editor in 80.25 ms, found 3 plugins.
Preloading 0 native plugins for Editor in 0.00 ms.
Mono: successfully reloaded assembly
- Completed reload, in  0.590 seconds
Domain Reload Profiling:
	ReloadAssembly (590ms)
		BeginReloadAssembly (68ms)
			ExecutionOrderSort (0ms)
			DisableScriptedObjects (0ms)
			BackupInstance (0ms)
			ReleaseScriptingObjects (0ms)
			CreateAndSetChildDomain (1ms)
		EndReloadAssembly (420ms)
			LoadAssemblies (67ms)
			RebuildTransferFunctionScriptingTraits (0ms)
			SetupTypeCache (94ms)
			ReleaseScriptCaches (0ms)
			RebuildScriptCaches (26ms)
			SetupLoadedEditorAssemblies (255ms)
				LogAssemblyErrors (0ms)
				InitializePlatformSupportModulesInManaged (9ms)
				SetLoadedEditorAssemblies (0ms)
				RefreshPlugins (80ms)
				BeforeProcessingInitializeOnLoad (1ms)
				ProcessInitializeOnLoadAttributes (123ms)
				ProcessInitializeOnLoadMethodAttributes (42ms)
				AfterProcessingInitializeOnLoad (0ms)
				EditorAssembliesLoaded (0ms)
			ExecutionOrderSort2 (0ms)
			AwakeInstancesAfterBackupRestoration (0ms)
Platform modules already initialized, skipping
Registering precompiled user dll's ...
Registered in 0.004811 seconds.
Begin MonoManager ReloadAssembly
Symbol file LoadedFromMemory doesn't match image C:\Users\zsser\Documents\GitHub\unity.game\ball.game\Library\PackageCache\com.unity.visualscripting@1.7.6\Editor\VisualScripting.Core\Dependencies\YamlDotNet\Unity.VisualScripting.YamlDotNet.dll
Symbol file LoadedFromMemory doesn't match image C:\Users\zsser\Documents\GitHub\unity.game\ball.game\Library\PackageCache\com.unity.visualscripting@1.7.6\Editor\VisualScripting.Core\Dependencies\DotNetZip\Unity.VisualScripting.IonicZip.dll
Native extension for WindowsStandalone target not found
Native extension for WebGL target not found
Refreshing native plugins compatible for Editor in 0.58 ms, found 3 plugins.
Preloading 0 native plugins for Editor in 0.00 ms.
Mono: successfully reloaded assembly
- Completed reload, in  0.936 seconds
Domain Reload Profiling:
	ReloadAssembly (937ms)
		BeginReloadAssembly (99ms)
			ExecutionOrderSort (0ms)
			DisableScriptedObjects (5ms)
			BackupInstance (0ms)
			ReleaseScriptingObjects (0ms)
			CreateAndSetChildDomain (19ms)
		EndReloadAssembly (734ms)
			LoadAssemblies (74ms)
			RebuildTransferFunctionScriptingTraits (0ms)
			SetupTypeCache (248ms)
			ReleaseScriptCaches (1ms)
			RebuildScriptCaches (47ms)
			SetupLoadedEditorAssemblies (330ms)
				LogAssemblyErrors (0ms)
				InitializePlatformSupportModulesInManaged (7ms)
				SetLoadedEditorAssemblies (0ms)
				RefreshPlugins (1ms)
				BeforeProcessingInitializeOnLoad (86ms)
				ProcessInitializeOnLoadAttributes (203ms)
				ProcessInitializeOnLoadMethodAttributes (25ms)
				AfterProcessingInitializeOnLoad (7ms)
				EditorAssembliesLoaded (0ms)
			ExecutionOrderSort2 (0ms)
			AwakeInstancesAfterBackupRestoration (5ms)
Platform modules already initialized, skipping
========================================================================
Worker process is ready to serve import requests
Launched and connected shader compiler UnityShaderCompiler.exe after 0.06 seconds
Refreshing native plugins compatible for Editor in 0.58 ms, found 3 plugins.
Preloading 0 native plugins for Editor in 0.00 ms.
Unloading 3360 Unused Serialized files (Serialized files now loaded: 0)
Unloading 26 unused Assets / (112.2 KB). Loaded Objects now: 3821.
Memory consumption went from 117.0 MB to 116.9 MB.
Total: 3.002600 ms (FindLiveObjects: 0.299600 ms CreateObjectMapping: 0.094800 ms MarkObjects: 2.499400 ms  DeleteObjects: 0.107600 ms)

AssetImportParameters requested are different than current active one (requested -> active):
  custom:video-decoder-ogg-theora: a1e56fd34408186e4bbccfd4996cb3dc -> 
  custom:container-muxer-webm: aa71ff27fc2769a1b78a27578f13a17b -> 
  custom:container-demuxer-webm: 4f35f7cbe854078d1ac9338744f61a02 -> 
  custom:video-encoder-webm-vp8: eb34c28f22e8b96e1ab97ce403110664 -> 
  custom:audio-encoder-webm-vorbis: bf7c407c2cedff20999df2af8eb42d56 -> 
  custom:framework-win-MediaFoundation: 216162199b28c13a410421893ffa2e32 -> 
  custom:container-demuxer-ogg: 62fdf1f143b41e24485cea50d1cbac27 -> 
  custom:video-decoder-webm-vp8: 9c59270c3fd7afecdb556c50c9e8de78 -> 
  custom:audio-decoder-ogg-vorbis: bf7c407c2cedff20999df2af8eb42d56 -> 
========================================================================
Received Import Request.
  Time since last request: 1485564.980696 seconds.
  path: Assets/assets/Free/Wooden Floor Pack/Textures/Wooden Floor2/Materials
  artifactKey: Guid(e7fa873f8fde72545a3caf36364fbd8c) Importer(815301076,1909f56bfc062723c751e8b465ee728b)
Start importing Assets/assets/Free/Wooden Floor Pack/Textures/Wooden Floor2/Materials using Guid(e7fa873f8fde72545a3caf36364fbd8c) Importer(815301076,1909f56bfc062723c751e8b465ee728b)  -> (artifact id: '143288dfab037fa2d3fba6149ffd7cde') in 0.009837 seconds 
========================================================================
Received Import Request.
  Time since last request: 0.051651 seconds.
  path: Assets/assets/Free/Wooden Floor Pack/Textures/Wooden Floor2/Materials/Wooden Floor2_4K_Albedo.mat
  artifactKey: Guid(ab6a9266957107143a0e39a39ccaee6c) Importer(815301076,1909f56bfc062723c751e8b465ee728b)
Start importing Assets/assets/Free/Wooden Floor Pack/Textures/Wooden Floor2/Materials/Wooden Floor2_4K_Albedo.mat using Guid(ab6a9266957107143a0e39a39ccaee6c) Importer(815301076,1909f56bfc062723c751e8b465ee728b)  -> (artifact id: 'f8a8addb0de3cfb29c4b4aad61fe0df5') in 0.321672 seconds 
========================================================================
Received Import Request.
  Time since last request: 352.900619 seconds.
  path: Assets/assets/Free/Wooden Floor Pack/Textures/Wooden Floor4
  artifactKey: Guid(351f50140699e4541b54bb5636a677db) Importer(815301076,1909f56bfc062723c751e8b465ee728b)
Start importing Assets/assets/Free/Wooden Floor Pack/Textures/Wooden Floor4 using Guid(351f50140699e4541b54bb5636a677db) Importer(815301076,1909f56bfc062723c751e8b465ee728b)  -> (artifact id: '7b7964cd2cdf736ea6960c0168483b95') in 0.006811 seconds 
========================================================================
Received Import Request.
  Time since last request: 0.059066 seconds.
  path: Assets/assets/Free/Wooden Floor Pack/Textures/Wooden Floor4/Wooden Floor4_4K_Albedo.tga
  artifactKey: Guid(2e6def63d1fafb343bf48225c300ba1c) Importer(815301076,1909f56bfc062723c751e8b465ee728b)
Start importing Assets/assets/Free/Wooden Floor Pack/Textures/Wooden Floor4/Wooden Floor4_4K_Albedo.tga using Guid(2e6def63d1fafb343bf48225c300ba1c) Importer(815301076,1909f56bfc062723c751e8b465ee728b)  -> (artifact id: '8a7b4880c1de38d975e780dde8655848') in 0.039770 seconds 
========================================================================
Received Import Request.
  Time since last request: 0.000066 seconds.
  path: Assets/assets/Free/Wooden Floor Pack/Textures/Wooden Floor4/Wooden Floor4_4K_Normal.tga
  artifactKey: Guid(9287eaf9eef52cd478b385868bfd69d5) Importer(815301076,1909f56bfc062723c751e8b465ee728b)
Start importing Assets/assets/Free/Wooden Floor Pack/Textures/Wooden Floor4/Wooden Floor4_4K_Normal.tga using Guid(9287eaf9eef52cd478b385868bfd69d5) Importer(815301076,1909f56bfc062723c751e8b465ee728b)  -> (artifact id: '1975ac0862d9b2481dafab9655bdc637') in 0.039247 seconds 
========================================================================
Received Import Request.
  Time since last request: 0.000088 seconds.
  path: Assets/assets/Free/Wooden Floor Pack/Textures/Wooden Floor4/Wooden Floor4_4K_Roughness.tga
  artifactKey: Guid(e5865b4597541db418784f35889a2e40) Importer(815301076,1909f56bfc062723c751e8b465ee728b)
Start importing Assets/assets/Free/Wooden Floor Pack/Textures/Wooden Floor4/Wooden Floor4_4K_Roughness.tga using Guid(e5865b4597541db418784f35889a2e40) Importer(815301076,1909f56bfc062723c751e8b465ee728b)  -> (artifact id: 'c1e15fa1596e5f0651579470b394dbbb') in 0.019621 seconds 
========================================================================
Received Import Request.
  Time since last request: 1.551805 seconds.
  path: Assets/assets/Free/Wooden Floor Pack/Textures/Wooden Floor3
  artifactKey: Guid(477510145e9a9df4bab87d5fed4fe37a) Importer(815301076,1909f56bfc062723c751e8b465ee728b)
Start importing Assets/assets/Free/Wooden Floor Pack/Textures/Wooden Floor3 using Guid(477510145e9a9df4bab87d5fed4fe37a) Importer(815301076,1909f56bfc062723c751e8b465ee728b)  -> (artifact id: '91c12ab5b00cfbe05458846bb6348c4f') in 0.008016 seconds 
========================================================================
Received Import Request.
  Time since last request: 0.055598 seconds.
  path: Assets/assets/Free/Wooden Floor Pack/Textures/Wooden Floor3/Wooden Floor3_4K_Albedo.tga
  artifactKey: Guid(da92a2728ea126944b4cf518d141d499) Importer(815301076,1909f56bfc062723c751e8b465ee728b)
Start importing Assets/assets/Free/Wooden Floor Pack/Textures/Wooden Floor3/Wooden Floor3_4K_Albedo.tga using Guid(da92a2728ea126944b4cf518d141d499) Importer(815301076,1909f56bfc062723c751e8b465ee728b)  -> (artifact id: '9962135e4b9653c29b39d1770d92bcbe') in 0.020864 seconds 
========================================================================
Received Import Request.
  Time since last request: 0.000027 seconds.
  path: Assets/assets/Free/Wooden Floor Pack/Textures/Wooden Floor3/Wooden Floor3_4K_Roughness.tga
  artifactKey: Guid(a752bb8b426c8df4493608bae16acc3d) Importer(815301076,1909f56bfc062723c751e8b465ee728b)
Start importing Assets/assets/Free/Wooden Floor Pack/Textures/Wooden Floor3/Wooden Floor3_4K_Roughness.tga using Guid(a752bb8b426c8df4493608bae16acc3d) Importer(815301076,1909f56bfc062723c751e8b465ee728b)  -> (artifact id: 'b2177db503dd36c30475a01a2dd31836') in 0.024961 seconds 
========================================================================
Received Import Request.
  Time since last request: 0.000058 seconds.
  path: Assets/assets/Free/Wooden Floor Pack/Textures/Wooden Floor3/Wooden Floor3_4K_Gloss.tga
  artifactKey: Guid(2d48024116e45de41a2b9278769a9750) Importer(815301076,1909f56bfc062723c751e8b465ee728b)
Start importing Assets/assets/Free/Wooden Floor Pack/Textures/Wooden Floor3/Wooden Floor3_4K_Gloss.tga using Guid(2d48024116e45de41a2b9278769a9750) Importer(815301076,1909f56bfc062723c751e8b465ee728b)  -> (artifact id: '3f32f4f5bd18c16c6cdca70f26899dcd') in 0.021494 seconds 
Editor requested this worker to shutdown with reason: Scaling down because of idle timeout
AssetImportWorker is now disconnected from the server
Process exiting
Exiting without the bug reporter. Application will terminate with return code 0