Using pre-set license
Built from '2021.3/staging' branch; Version is '2021.3.2f1 (d6360bedb9a0) revision 14038539'; Using compiler version '192829333'; Build Type 'Release'
OS: 'Windows 10  (10.0.19043) 64bit Professional' Language: 'tr' Physical Memory: 15792 MB
BatchMode: 1, IsHumanControllingUs: 0, StartBugReporterOnCrash: 0, Is64bit: 1, IsPro: 1

COMMAND LINE ARGUMENTS:
C:\Program Files\Unity\Hub\Editor\2021.3.2f1\Editor\Unity.exe
-adb2
-batchMode
-noUpm
-name
AssetImportWorker3
-projectPath
C:/Users/zsser/Documents/GitHub/unity.game/ball.game
-logFile
Logs/AssetImportWorker3.log
-srvPort
56802
Successfully changed project path to: C:/Users/zsser/Documents/GitHub/unity.game/ball.game
C:/Users/zsser/Documents/GitHub/unity.game/ball.game
[UnityMemory] Configuration Parameters - Can be set up in boot.config
    "memorysetup-bucket-allocator-granularity=16"
    "memorysetup-bucket-allocator-bucket-count=8"
    "memorysetup-bucket-allocator-block-size=33554432"
    "memorysetup-bucket-allocator-block-count=8"
    "memorysetup-main-allocator-block-size=16777216"
    "memorysetup-thread-allocator-block-size=16777216"
    "memorysetup-gfx-main-allocator-block-size=16777216"
    "memorysetup-gfx-thread-allocator-block-size=16777216"
    "memorysetup-cache-allocator-block-size=4194304"
    "memorysetup-typetree-allocator-block-size=2097152"
    "memorysetup-profiler-bucket-allocator-granularity=16"
    "memorysetup-profiler-bucket-allocator-bucket-count=8"
    "memorysetup-profiler-bucket-allocator-block-size=33554432"
    "memorysetup-profiler-bucket-allocator-block-count=8"
    "memorysetup-profiler-allocator-block-size=16777216"
    "memorysetup-profiler-editor-allocator-block-size=1048576"
    "memorysetup-temp-allocator-size-main=16777216"
    "memorysetup-job-temp-allocator-block-size=2097152"
    "memorysetup-job-temp-allocator-block-size-background=1048576"
    "memorysetup-job-temp-allocator-reduction-small-platforms=262144"
    "memorysetup-temp-allocator-size-background-worker=32768"
    "memorysetup-temp-allocator-size-job-worker=262144"
    "memorysetup-temp-allocator-size-preload-manager=33554432"
    "memorysetup-temp-allocator-size-nav-mesh-worker=65536"
    "memorysetup-temp-allocator-size-audio-worker=65536"
    "memorysetup-temp-allocator-size-cloud-worker=32768"
    "memorysetup-temp-allocator-size-gi-baking-worker=262144"
    "memorysetup-temp-allocator-size-gfx=262144"
Refreshing native plugins compatible for Editor in 135.95 ms, found 3 plugins.
Preloading 0 native plugins for Editor in 0.00 ms.
Initialize engine version: 2021.3.2f1 (d6360bedb9a0)
[Subsystems] Discovering subsystems at path C:/Program Files/Unity/Hub/Editor/2021.3.2f1/Editor/Data/Resources/UnitySubsystems
[Subsystems] Discovering subsystems at path C:/Users/zsser/Documents/GitHub/unity.game/ball.game/Assets
GfxDevice: creating device client; threaded=0; jobified=0
Direct3D:
    Version:  Direct3D 11.0 [level 11.1]
    Renderer: NVIDIA GeForce RTX 3050 Ti Laptop GPU (ID=0x25a0)
    Vendor:   NVIDIA
    VRAM:     3990 MB
    Driver:   30.0.15.1278
Initialize mono
Mono path[0] = 'C:/Program Files/Unity/Hub/Editor/2021.3.2f1/Editor/Data/Managed'
Mono path[1] = 'C:/Program Files/Unity/Hub/Editor/2021.3.2f1/Editor/Data/MonoBleedingEdge/lib/mono/unityjit-win32'
Mono config path = 'C:/Program Files/Unity/Hub/Editor/2021.3.2f1/Editor/Data/MonoBleedingEdge/etc'
Using monoOptions --debugger-agent=transport=dt_socket,embedding=1,server=y,suspend=n,address=127.0.0.1:56084
Begin MonoManager ReloadAssembly
Registering precompiled unity dll's ...
Register platform support module: C:/Program Files/Unity/Hub/Editor/2021.3.2f1/Editor/Data/PlaybackEngines/WebGLSupport/UnityEditor.WebGL.Extensions.dll
Register platform support module: C:/Program Files/Unity/Hub/Editor/2021.3.2f1/Editor/Data/PlaybackEngines/WindowsStandaloneSupport/UnityEditor.WindowsStandalone.Extensions.dll
Registered in 0.009408 seconds.
Native extension for WindowsStandalone target not found
Native extension for WebGL target not found
Refreshing native plugins compatible for Editor in 114.09 ms, found 3 plugins.
Preloading 0 native plugins for Editor in 0.00 ms.
Mono: successfully reloaded assembly
- Completed reload, in  0.818 seconds
Domain Reload Profiling:
	ReloadAssembly (819ms)
		BeginReloadAssembly (93ms)
			ExecutionOrderSort (0ms)
			DisableScriptedObjects (0ms)
			BackupInstance (0ms)
			ReleaseScriptingObjects (0ms)
			CreateAndSetChildDomain (1ms)
		EndReloadAssembly (578ms)
			LoadAssemblies (91ms)
			RebuildTransferFunctionScriptingTraits (0ms)
			SetupTypeCache (138ms)
			ReleaseScriptCaches (0ms)
			RebuildScriptCaches (37ms)
			SetupLoadedEditorAssemblies (337ms)
				LogAssemblyErrors (0ms)
				InitializePlatformSupportModulesInManaged (11ms)
				SetLoadedEditorAssemblies (0ms)
				RefreshPlugins (114ms)
				BeforeProcessingInitializeOnLoad (2ms)
				ProcessInitializeOnLoadAttributes (151ms)
				ProcessInitializeOnLoadMethodAttributes (59ms)
				AfterProcessingInitializeOnLoad (0ms)
				EditorAssembliesLoaded (0ms)
			ExecutionOrderSort2 (0ms)
			AwakeInstancesAfterBackupRestoration (0ms)
Platform modules already initialized, skipping
Registering precompiled user dll's ...
Registered in 0.006738 seconds.
Begin MonoManager ReloadAssembly
Symbol file LoadedFromMemory doesn't match image C:\Users\zsser\Documents\GitHub\unity.game\ball.game\Library\PackageCache\com.unity.visualscripting@1.7.6\Editor\VisualScripting.Core\Dependencies\YamlDotNet\Unity.VisualScripting.YamlDotNet.dll
Symbol file LoadedFromMemory doesn't match image C:\Users\zsser\Documents\GitHub\unity.game\ball.game\Library\PackageCache\com.unity.visualscripting@1.7.6\Editor\VisualScripting.Core\Dependencies\DotNetZip\Unity.VisualScripting.IonicZip.dll
Native extension for WindowsStandalone target not found
Native extension for WebGL target not found
Refreshing native plugins compatible for Editor in 0.81 ms, found 3 plugins.
Preloading 0 native plugins for Editor in 0.00 ms.
Mono: successfully reloaded assembly
- Completed reload, in  1.364 seconds
Domain Reload Profiling:
	ReloadAssembly (1365ms)
		BeginReloadAssembly (140ms)
			ExecutionOrderSort (0ms)
			DisableScriptedObjects (7ms)
			BackupInstance (0ms)
			ReleaseScriptingObjects (0ms)
			CreateAndSetChildDomain (25ms)
		EndReloadAssembly (1078ms)
			LoadAssemblies (101ms)
			RebuildTransferFunctionScriptingTraits (0ms)
			SetupTypeCache (372ms)
			ReleaseScriptCaches (1ms)
			RebuildScriptCaches (63ms)
			SetupLoadedEditorAssemblies (487ms)
				LogAssemblyErrors (0ms)
				InitializePlatformSupportModulesInManaged (10ms)
				SetLoadedEditorAssemblies (1ms)
				RefreshPlugins (1ms)
				BeforeProcessingInitializeOnLoad (123ms)
				ProcessInitializeOnLoadAttributes (304ms)
				ProcessInitializeOnLoadMethodAttributes (39ms)
				AfterProcessingInitializeOnLoad (10ms)
				EditorAssembliesLoaded (0ms)
			ExecutionOrderSort2 (0ms)
			AwakeInstancesAfterBackupRestoration (10ms)
Platform modules already initialized, skipping
========================================================================
Worker process is ready to serve import requests
Launched and connected shader compiler UnityShaderCompiler.exe after 0.07 seconds
Refreshing native plugins compatible for Editor in 0.74 ms, found 3 plugins.
Preloading 0 native plugins for Editor in 0.00 ms.
Unloading 3360 Unused Serialized files (Serialized files now loaded: 0)
Unloading 26 unused Assets / (112.6 KB). Loaded Objects now: 3819.
Memory consumption went from 116.1 MB to 116.0 MB.
Total: 3.847800 ms (FindLiveObjects: 0.328800 ms CreateObjectMapping: 0.125300 ms MarkObjects: 3.266700 ms  DeleteObjects: 0.125000 ms)

AssetImportParameters requested are different than current active one (requested -> active):
  custom:video-decoder-ogg-theora: a1e56fd34408186e4bbccfd4996cb3dc -> 
  custom:container-muxer-webm: aa71ff27fc2769a1b78a27578f13a17b -> 
  custom:container-demuxer-webm: 4f35f7cbe854078d1ac9338744f61a02 -> 
  custom:video-encoder-webm-vp8: eb34c28f22e8b96e1ab97ce403110664 -> 
  custom:audio-encoder-webm-vorbis: bf7c407c2cedff20999df2af8eb42d56 -> 
  custom:framework-win-MediaFoundation: 216162199b28c13a410421893ffa2e32 -> 
  custom:container-demuxer-ogg: 62fdf1f143b41e24485cea50d1cbac27 -> 
  custom:video-decoder-webm-vp8: 9c59270c3fd7afecdb556c50c9e8de78 -> 
  custom:audio-decoder-ogg-vorbis: bf7c407c2cedff20999df2af8eb42d56 -> 
========================================================================
Received Import Request.
  Time since last request: 1485552.722519 seconds.
  path: Assets/assets/Free/Wooden Floor Pack/Textures/Wooden Floor2/Wooden Floor2_4K_Displacement.tga
  artifactKey: Guid(079f5a1f3a99b5b45b859abf658a294d) Importer(815301076,1909f56bfc062723c751e8b465ee728b)
Start importing Assets/assets/Free/Wooden Floor Pack/Textures/Wooden Floor2/Wooden Floor2_4K_Displacement.tga using Guid(079f5a1f3a99b5b45b859abf658a294d) Importer(815301076,1909f56bfc062723c751e8b465ee728b)  -> (artifact id: '3009d0a7b07949283d86dd9eca7da5ac') in 0.104134 seconds 
========================================================================
Received Import Request.
  Time since last request: 0.000073 seconds.
  path: Assets/assets/Free/Wooden Floor Pack/Textures/Wooden Floor2/Wooden Floor2_4K_Gloss.tga
  artifactKey: Guid(167cead128e3a7648a4cf839716af3bf) Importer(815301076,1909f56bfc062723c751e8b465ee728b)
Start importing Assets/assets/Free/Wooden Floor Pack/Textures/Wooden Floor2/Wooden Floor2_4K_Gloss.tga using Guid(167cead128e3a7648a4cf839716af3bf) Importer(815301076,1909f56bfc062723c751e8b465ee728b)  -> (artifact id: 'b84d959011d420e7c798e225cfa1116d') in 0.019125 seconds 
========================================================================
Received Import Request.
  Time since last request: 12.188241 seconds.
  path: Assets/assets/Free/Wooden Floor Pack/Textures/Wooden Floor2/Materials/Wooden Floor2_4K_Metalness.mat
  artifactKey: Guid(cbb420a6786bcee4285a70b481dd1c04) Importer(815301076,1909f56bfc062723c751e8b465ee728b)
Start importing Assets/assets/Free/Wooden Floor Pack/Textures/Wooden Floor2/Materials/Wooden Floor2_4K_Metalness.mat using Guid(cbb420a6786bcee4285a70b481dd1c04) Importer(815301076,1909f56bfc062723c751e8b465ee728b)  -> (artifact id: '920446f8b303564813bf0cc19c2e09ed') in 0.271932 seconds 
========================================================================
Received Import Request.
  Time since last request: 353.021803 seconds.
  path: Assets/assets/Free/Wooden Floor Pack/Textures/Wooden Floor4/Wooden Floor4_4K_Displacement.tga
  artifactKey: Guid(9a478dfa131391244bd62cd135ac12be) Importer(815301076,1909f56bfc062723c751e8b465ee728b)
Start importing Assets/assets/Free/Wooden Floor Pack/Textures/Wooden Floor4/Wooden Floor4_4K_Displacement.tga using Guid(9a478dfa131391244bd62cd135ac12be) Importer(815301076,1909f56bfc062723c751e8b465ee728b)  -> (artifact id: 'f142741a1626993819b803caaab3258b') in 0.027500 seconds 
========================================================================
Received Import Request.
  Time since last request: 0.000030 seconds.
  path: Assets/assets/Free/Wooden Floor Pack/Textures/Wooden Floor4/Wooden Floor4_4K_Metalness.tga
  artifactKey: Guid(1dbfa30004b30934f9e03f8fb3d0176e) Importer(815301076,1909f56bfc062723c751e8b465ee728b)
Start importing Assets/assets/Free/Wooden Floor Pack/Textures/Wooden Floor4/Wooden Floor4_4K_Metalness.tga using Guid(1dbfa30004b30934f9e03f8fb3d0176e) Importer(815301076,1909f56bfc062723c751e8b465ee728b)  -> (artifact id: 'f7f43ecbe9dc87d3f163413da138073b') in 0.026023 seconds 
========================================================================
Received Import Request.
  Time since last request: 0.000058 seconds.
  path: Assets/assets/Free/Wooden Floor Pack/Textures/Wooden Floor4/Wooden Floor4_4K_Gloss.tga
  artifactKey: Guid(67f59a705419b6d4398949b648d6b242) Importer(815301076,1909f56bfc062723c751e8b465ee728b)
Start importing Assets/assets/Free/Wooden Floor Pack/Textures/Wooden Floor4/Wooden Floor4_4K_Gloss.tga using Guid(67f59a705419b6d4398949b648d6b242) Importer(815301076,1909f56bfc062723c751e8b465ee728b)  -> (artifact id: '7bc2d7b9e4bfd51fc0179705ec687547') in 0.022827 seconds 
========================================================================
Received Import Request.
  Time since last request: 1.643098 seconds.
  path: Assets/assets/Free/Wooden Floor Pack/Textures/Wooden Floor3/Wooden Floor3_4K_Displacement.tga
  artifactKey: Guid(8a59b28ce306daf44b8e6531e8e53f11) Importer(815301076,1909f56bfc062723c751e8b465ee728b)
Start importing Assets/assets/Free/Wooden Floor Pack/Textures/Wooden Floor3/Wooden Floor3_4K_Displacement.tga using Guid(8a59b28ce306daf44b8e6531e8e53f11) Importer(815301076,1909f56bfc062723c751e8b465ee728b)  -> (artifact id: '25f77fca49add3a7e9b633a13517e2b6') in 0.020695 seconds 
========================================================================
Received Import Request.
  Time since last request: 0.000032 seconds.
  path: Assets/assets/Free/Wooden Floor Pack/Textures/Wooden Floor3/Wooden Floor3_4K_Normal.tga
  artifactKey: Guid(80316b94a51a50e4785eae051a18d94e) Importer(815301076,1909f56bfc062723c751e8b465ee728b)
Start importing Assets/assets/Free/Wooden Floor Pack/Textures/Wooden Floor3/Wooden Floor3_4K_Normal.tga using Guid(80316b94a51a50e4785eae051a18d94e) Importer(815301076,1909f56bfc062723c751e8b465ee728b)  -> (artifact id: '5dbbf8b18128a9b87d9ba5fae1767b30') in 0.036399 seconds 
========================================================================
Received Import Request.
  Time since last request: 0.000043 seconds.
  path: Assets/assets/Free/Wooden Floor Pack/Textures/Wooden Floor3/Wooden Floor3_4K_Metalness.tga
  artifactKey: Guid(36c2df656dfdf7948b5885811812fff8) Importer(815301076,1909f56bfc062723c751e8b465ee728b)
Start importing Assets/assets/Free/Wooden Floor Pack/Textures/Wooden Floor3/Wooden Floor3_4K_Metalness.tga using Guid(36c2df656dfdf7948b5885811812fff8) Importer(815301076,1909f56bfc062723c751e8b465ee728b)  -> (artifact id: '5d53b6cfae935a75f6c7f37784c6ec21') in 0.021391 seconds 
========================================================================
Received Import Request.
  Time since last request: 327.746747 seconds.
  path: Assets/assets/Free/Wooden Floor Pack/Textures/Wooden Floor2/Materials/Wooden Floor2_4K_Gloss.mat
  artifactKey: Guid(430a201c67c58d742b5ac57b2ce901c2) Importer(815301076,1909f56bfc062723c751e8b465ee728b)
Start importing Assets/assets/Free/Wooden Floor Pack/Textures/Wooden Floor2/Materials/Wooden Floor2_4K_Gloss.mat using Guid(430a201c67c58d742b5ac57b2ce901c2) Importer(815301076,1909f56bfc062723c751e8b465ee728b)  -> (artifact id: '0d10f0a68c3b8fbe924aeca17d62e0ca') in 0.019211 seconds 
========================================================================
Received Import Request.
  Time since last request: 14.310493 seconds.
  path: Assets/materials/New Material.mat
  artifactKey: Guid(4af74b2398dcf05479a5c964642fa68f) Importer(815301076,1909f56bfc062723c751e8b465ee728b)
Start importing Assets/materials/New Material.mat using Guid(4af74b2398dcf05479a5c964642fa68f) Importer(815301076,1909f56bfc062723c751e8b465ee728b)  -> (artifact id: '51f3ac9dc2d43638a0caabb5f2aadc1f') in 0.084148 seconds 
========================================================================
Received Import Request.
  Time since last request: 196.339271 seconds.
  path: Assets/materials/New Material.mat
  artifactKey: Guid(4af74b2398dcf05479a5c964642fa68f) Importer(815301076,1909f56bfc062723c751e8b465ee728b)
Start importing Assets/materials/New Material.mat using Guid(4af74b2398dcf05479a5c964642fa68f) Importer(815301076,1909f56bfc062723c751e8b465ee728b)  -> (artifact id: '8d1291e8eb40f83af63fd2fe91ef1d8a') in 0.018184 seconds 
========================================================================
Received Prepare
Registering precompiled user dll's ...
Registered in 0.004723 seconds.
Begin MonoManager ReloadAssembly
Symbol file LoadedFromMemory doesn't match image C:\Users\zsser\Documents\GitHub\unity.game\ball.game\Library\PackageCache\com.unity.visualscripting@1.7.6\Editor\VisualScripting.Core\Dependencies\YamlDotNet\Unity.VisualScripting.YamlDotNet.dll
Symbol file LoadedFromMemory doesn't match image C:\Users\zsser\Documents\GitHub\unity.game\ball.game\Library\PackageCache\com.unity.visualscripting@1.7.6\Editor\VisualScripting.Core\Dependencies\DotNetZip\Unity.VisualScripting.IonicZip.dll
Native extension for WindowsStandalone target not found
Native extension for WebGL target not found
Refreshing native plugins compatible for Editor in 0.68 ms, found 3 plugins.
Preloading 0 native plugins for Editor in 0.00 ms.
Mono: successfully reloaded assembly
- Completed reload, in  0.961 seconds
Domain Reload Profiling:
	ReloadAssembly (962ms)
		BeginReloadAssembly (136ms)
			ExecutionOrderSort (0ms)
			DisableScriptedObjects (4ms)
			BackupInstance (0ms)
			ReleaseScriptingObjects (0ms)
			CreateAndSetChildDomain (37ms)
		EndReloadAssembly (738ms)
			LoadAssemblies (92ms)
			RebuildTransferFunctionScriptingTraits (0ms)
			SetupTypeCache (256ms)
			ReleaseScriptCaches (2ms)
			RebuildScriptCaches (39ms)
			SetupLoadedEditorAssemblies (321ms)
				LogAssemblyErrors (0ms)
				InitializePlatformSupportModulesInManaged (14ms)
				SetLoadedEditorAssemblies (0ms)
				RefreshPlugins (1ms)
				BeforeProcessingInitializeOnLoad (71ms)
				ProcessInitializeOnLoadAttributes (200ms)
				ProcessInitializeOnLoadMethodAttributes (27ms)
				AfterProcessingInitializeOnLoad (7ms)
				EditorAssembliesLoaded (0ms)
			ExecutionOrderSort2 (0ms)
			AwakeInstancesAfterBackupRestoration (6ms)
Platform modules already initialized, skipping
Refreshing native plugins compatible for Editor in 1.98 ms, found 3 plugins.
Preloading 0 native plugins for Editor in 0.00 ms.
Unloading 3372 Unused Serialized files (Serialized files now loaded: 0)
Unloading 25 unused Assets / (235.7 KB). Loaded Objects now: 3875.
Memory consumption went from 121.8 MB to 121.5 MB.
Total: 3.473600 ms (FindLiveObjects: 0.324000 ms CreateObjectMapping: 0.104800 ms MarkObjects: 2.849500 ms  DeleteObjects: 0.193200 ms)

AssetImportParameters requested are different than current active one (requested -> active):
  custom:video-decoder-ogg-theora: a1e56fd34408186e4bbccfd4996cb3dc -> 
  custom:container-muxer-webm: aa71ff27fc2769a1b78a27578f13a17b -> 
  custom:container-demuxer-webm: 4f35f7cbe854078d1ac9338744f61a02 -> 
  custom:video-encoder-webm-vp8: eb34c28f22e8b96e1ab97ce403110664 -> 
  custom:audio-encoder-webm-vorbis: bf7c407c2cedff20999df2af8eb42d56 -> 
  custom:framework-win-MediaFoundation: 216162199b28c13a410421893ffa2e32 -> 
  custom:container-demuxer-ogg: 62fdf1f143b41e24485cea50d1cbac27 -> 
  custom:video-decoder-webm-vp8: 9c59270c3fd7afecdb556c50c9e8de78 -> 
  custom:audio-decoder-ogg-vorbis: bf7c407c2cedff20999df2af8eb42d56 -> 
========================================================================
Received Prepare
Registering precompiled user dll's ...
Registered in 0.004200 seconds.
Begin MonoManager ReloadAssembly
Symbol file LoadedFromMemory doesn't match image C:\Users\zsser\Documents\GitHub\unity.game\ball.game\Library\PackageCache\com.unity.visualscripting@1.7.6\Editor\VisualScripting.Core\Dependencies\YamlDotNet\Unity.VisualScripting.YamlDotNet.dll
Symbol file LoadedFromMemory doesn't match image C:\Users\zsser\Documents\GitHub\unity.game\ball.game\Library\PackageCache\com.unity.visualscripting@1.7.6\Editor\VisualScripting.Core\Dependencies\DotNetZip\Unity.VisualScripting.IonicZip.dll
Native extension for WindowsStandalone target not found
Native extension for WebGL target not found
Refreshing native plugins compatible for Editor in 0.99 ms, found 3 plugins.
Preloading 0 native plugins for Editor in 0.00 ms.
Mono: successfully reloaded assembly
- Completed reload, in  0.988 seconds
Domain Reload Profiling:
	ReloadAssembly (989ms)
		BeginReloadAssembly (137ms)
			ExecutionOrderSort (0ms)
			DisableScriptedObjects (4ms)
			BackupInstance (0ms)
			ReleaseScriptingObjects (0ms)
			CreateAndSetChildDomain (36ms)
		EndReloadAssembly (756ms)
			LoadAssemblies (94ms)
			RebuildTransferFunctionScriptingTraits (0ms)
			SetupTypeCache (253ms)
			ReleaseScriptCaches (1ms)
			RebuildScriptCaches (41ms)
			SetupLoadedEditorAssemblies (329ms)
				LogAssemblyErrors (0ms)
				InitializePlatformSupportModulesInManaged (14ms)
				SetLoadedEditorAssemblies (1ms)
				RefreshPlugins (1ms)
				BeforeProcessingInitializeOnLoad (70ms)
				ProcessInitializeOnLoadAttributes (211ms)
				ProcessInitializeOnLoadMethodAttributes (25ms)
				AfterProcessingInitializeOnLoad (7ms)
				EditorAssembliesLoaded (0ms)
			ExecutionOrderSort2 (0ms)
			AwakeInstancesAfterBackupRestoration (8ms)
Platform modules already initialized, skipping
Refreshing native plugins compatible for Editor in 2.90 ms, found 3 plugins.
Preloading 0 native plugins for Editor in 0.00 ms.
Unloading 3372 Unused Serialized files (Serialized files now loaded: 0)
Unloading 25 unused Assets / (235.9 KB). Loaded Objects now: 3878.
Memory consumption went from 121.8 MB to 121.5 MB.
Total: 5.489300 ms (FindLiveObjects: 0.443800 ms CreateObjectMapping: 0.157500 ms MarkObjects: 4.617700 ms  DeleteObjects: 0.266200 ms)

AssetImportParameters requested are different than current active one (requested -> active):
  custom:video-decoder-ogg-theora: a1e56fd34408186e4bbccfd4996cb3dc -> 
  custom:container-muxer-webm: aa71ff27fc2769a1b78a27578f13a17b -> 
  custom:container-demuxer-webm: 4f35f7cbe854078d1ac9338744f61a02 -> 
  custom:video-encoder-webm-vp8: eb34c28f22e8b96e1ab97ce403110664 -> 
  custom:audio-encoder-webm-vorbis: bf7c407c2cedff20999df2af8eb42d56 -> 
  custom:framework-win-MediaFoundation: 216162199b28c13a410421893ffa2e32 -> 
  custom:container-demuxer-ogg: 62fdf1f143b41e24485cea50d1cbac27 -> 
  custom:video-decoder-webm-vp8: 9c59270c3fd7afecdb556c50c9e8de78 -> 
  custom:audio-decoder-ogg-vorbis: bf7c407c2cedff20999df2af8eb42d56 -> 
========================================================================
Received Prepare
Registering precompiled user dll's ...
Registered in 0.009093 seconds.
Begin MonoManager ReloadAssembly
Symbol file LoadedFromMemory doesn't match image C:\Users\zsser\Documents\GitHub\unity.game\ball.game\Library\PackageCache\com.unity.visualscripting@1.7.6\Editor\VisualScripting.Core\Dependencies\YamlDotNet\Unity.VisualScripting.YamlDotNet.dll
Symbol file LoadedFromMemory doesn't match image C:\Users\zsser\Documents\GitHub\unity.game\ball.game\Library\PackageCache\com.unity.visualscripting@1.7.6\Editor\VisualScripting.Core\Dependencies\DotNetZip\Unity.VisualScripting.IonicZip.dll
Native extension for WindowsStandalone target not found
Native extension for WebGL target not found
Refreshing native plugins compatible for Editor in 0.68 ms, found 5 plugins.
Preloading 0 native plugins for Editor in 0.00 ms.
Mono: successfully reloaded assembly
- Completed reload, in  0.964 seconds
Domain Reload Profiling:
	ReloadAssembly (964ms)
		BeginReloadAssembly (140ms)
			ExecutionOrderSort (0ms)
			DisableScriptedObjects (6ms)
			BackupInstance (0ms)
			ReleaseScriptingObjects (0ms)
			CreateAndSetChildDomain (40ms)
		EndReloadAssembly (724ms)
			LoadAssemblies (95ms)
			RebuildTransferFunctionScriptingTraits (0ms)
			SetupTypeCache (251ms)
			ReleaseScriptCaches (1ms)
			RebuildScriptCaches (38ms)
			SetupLoadedEditorAssemblies (309ms)
				LogAssemblyErrors (0ms)
				InitializePlatformSupportModulesInManaged (12ms)
				SetLoadedEditorAssemblies (0ms)
				RefreshPlugins (1ms)
				BeforeProcessingInitializeOnLoad (64ms)
				ProcessInitializeOnLoadAttributes (195ms)
				ProcessInitializeOnLoadMethodAttributes (28ms)
				AfterProcessingInitializeOnLoad (7ms)
				EditorAssembliesLoaded (0ms)
			ExecutionOrderSort2 (0ms)
			AwakeInstancesAfterBackupRestoration (5ms)
Platform modules already initialized, skipping
Refreshing native plugins compatible for Editor in 2.47 ms, found 5 plugins.
Preloading 0 native plugins for Editor in 0.00 ms.
Unloading 3391 Unused Serialized files (Serialized files now loaded: 0)
Unloading 42 unused Assets / (238.3 KB). Loaded Objects now: 3925.
Memory consumption went from 122.4 MB to 122.2 MB.
Total: 3.084700 ms (FindLiveObjects: 0.369200 ms CreateObjectMapping: 0.128000 ms MarkObjects: 2.399500 ms  DeleteObjects: 0.185800 ms)

AssetImportParameters requested are different than current active one (requested -> active):
  custom:video-decoder-ogg-theora: a1e56fd34408186e4bbccfd4996cb3dc -> 
  custom:container-muxer-webm: aa71ff27fc2769a1b78a27578f13a17b -> 
  custom:container-demuxer-webm: 4f35f7cbe854078d1ac9338744f61a02 -> 
  custom:video-encoder-webm-vp8: eb34c28f22e8b96e1ab97ce403110664 -> 
  custom:audio-encoder-webm-vorbis: bf7c407c2cedff20999df2af8eb42d56 -> 
  custom:framework-win-MediaFoundation: 216162199b28c13a410421893ffa2e32 -> 
  custom:container-demuxer-ogg: 62fdf1f143b41e24485cea50d1cbac27 -> 
  custom:video-decoder-webm-vp8: 9c59270c3fd7afecdb556c50c9e8de78 -> 
  custom:audio-decoder-ogg-vorbis: bf7c407c2cedff20999df2af8eb42d56 -> 
========================================================================
Received Prepare
Registering precompiled user dll's ...
Registered in 0.008672 seconds.
Begin MonoManager ReloadAssembly
Symbol file LoadedFromMemory doesn't match image C:\Users\zsser\Documents\GitHub\unity.game\ball.game\Library\PackageCache\com.unity.visualscripting@1.7.6\Editor\VisualScripting.Core\Dependencies\YamlDotNet\Unity.VisualScripting.YamlDotNet.dll
Symbol file LoadedFromMemory doesn't match image C:\Users\zsser\Documents\GitHub\unity.game\ball.game\Library\PackageCache\com.unity.visualscripting@1.7.6\Editor\VisualScripting.Core\Dependencies\DotNetZip\Unity.VisualScripting.IonicZip.dll
Native extension for WindowsStandalone target not found
Native extension for WebGL target not found
Refreshing native plugins compatible for Editor in 0.70 ms, found 5 plugins.
Preloading 0 native plugins for Editor in 0.00 ms.
Mono: successfully reloaded assembly
- Completed reload, in  0.963 seconds
Domain Reload Profiling:
	ReloadAssembly (964ms)
		BeginReloadAssembly (139ms)
			ExecutionOrderSort (0ms)
			DisableScriptedObjects (6ms)
			BackupInstance (0ms)
			ReleaseScriptingObjects (0ms)
			CreateAndSetChildDomain (36ms)
		EndReloadAssembly (729ms)
			LoadAssemblies (91ms)
			RebuildTransferFunctionScriptingTraits (0ms)
			SetupTypeCache (279ms)
			ReleaseScriptCaches (1ms)
			RebuildScriptCaches (45ms)
			SetupLoadedEditorAssemblies (285ms)
				LogAssemblyErrors (0ms)
				InitializePlatformSupportModulesInManaged (12ms)
				SetLoadedEditorAssemblies (0ms)
				RefreshPlugins (1ms)
				BeforeProcessingInitializeOnLoad (64ms)
				ProcessInitializeOnLoadAttributes (176ms)
				ProcessInitializeOnLoadMethodAttributes (24ms)
				AfterProcessingInitializeOnLoad (7ms)
				EditorAssembliesLoaded (0ms)
			ExecutionOrderSort2 (0ms)
			AwakeInstancesAfterBackupRestoration (5ms)
Platform modules already initialized, skipping
Refreshing native plugins compatible for Editor in 2.60 ms, found 5 plugins.
Preloading 0 native plugins for Editor in 0.00 ms.
Unloading 3391 Unused Serialized files (Serialized files now loaded: 0)
Unloading 42 unused Assets / (237.0 KB). Loaded Objects now: 3928.
Memory consumption went from 122.5 MB to 122.3 MB.
Total: 3.279900 ms (FindLiveObjects: 0.390200 ms CreateObjectMapping: 0.118300 ms MarkObjects: 2.523500 ms  DeleteObjects: 0.245900 ms)

AssetImportParameters requested are different than current active one (requested -> active):
  custom:video-decoder-ogg-theora: a1e56fd34408186e4bbccfd4996cb3dc -> 
  custom:container-muxer-webm: aa71ff27fc2769a1b78a27578f13a17b -> 
  custom:container-demuxer-webm: 4f35f7cbe854078d1ac9338744f61a02 -> 
  custom:video-encoder-webm-vp8: eb34c28f22e8b96e1ab97ce403110664 -> 
  custom:audio-encoder-webm-vorbis: bf7c407c2cedff20999df2af8eb42d56 -> 
  custom:framework-win-MediaFoundation: 216162199b28c13a410421893ffa2e32 -> 
  custom:container-demuxer-ogg: 62fdf1f143b41e24485cea50d1cbac27 -> 
  custom:video-decoder-webm-vp8: 9c59270c3fd7afecdb556c50c9e8de78 -> 
  custom:audio-decoder-ogg-vorbis: bf7c407c2cedff20999df2af8eb42d56 -> 
========================================================================
Received Import Request.
  Time since last request: 1784.379084 seconds.
  path: Assets/Dynamic Soft Shadows Based on Local Cubemaps/Shaders/Common.cginc
  artifactKey: Guid(548e1c3eff7bb1a4481ed55f2304a4db) Importer(815301076,1909f56bfc062723c751e8b465ee728b)
Start importing Assets/Dynamic Soft Shadows Based on Local Cubemaps/Shaders/Common.cginc using Guid(548e1c3eff7bb1a4481ed55f2304a4db) Importer(815301076,1909f56bfc062723c751e8b465ee728b)  -> (artifact id: '5343aca1d32ad679c8e3b81596cc9da7') in 0.030656 seconds 
========================================================================
Received Import Request.
  Time since last request: 13.923549 seconds.
  path: Assets/materials/New Material 1.mat
  artifactKey: Guid(4049171b63c9b7c4e8758df9c49fa0bb) Importer(815301076,1909f56bfc062723c751e8b465ee728b)
Start importing Assets/materials/New Material 1.mat using Guid(4049171b63c9b7c4e8758df9c49fa0bb) Importer(815301076,1909f56bfc062723c751e8b465ee728b)  -> (artifact id: '6aeccbc970d5f7d95451b5599a18e255') in 0.065606 seconds 
========================================================================
Received Import Request.
  Time since last request: 452.707618 seconds.
  path: Assets/Scenes
  artifactKey: Guid(6ea315d0fd7389c41b19996891e99ae3) Importer(815301076,1909f56bfc062723c751e8b465ee728b)
Start importing Assets/Scenes using Guid(6ea315d0fd7389c41b19996891e99ae3) Importer(815301076,1909f56bfc062723c751e8b465ee728b)  -> (artifact id: 'b8193726cff86800c54781cdc6d54904') in 0.007817 seconds 
========================================================================
Received Import Request.
  Time since last request: 4.268995 seconds.
  path: Assets/Plugins
  artifactKey: Guid(c04ef7344ff1f0249949cab3997b5b43) Importer(815301076,1909f56bfc062723c751e8b465ee728b)
Start importing Assets/Plugins using Guid(c04ef7344ff1f0249949cab3997b5b43) Importer(815301076,1909f56bfc062723c751e8b465ee728b)  -> (artifact id: 'a1e77d8177909fc08b696e42bb38334b') in 0.006797 seconds 
========================================================================
Received Import Request.
  Time since last request: 0.687414 seconds.
  path: Assets/Plugins/GitHub
  artifactKey: Guid(f9b5288bc2e9e2c4cac8b74ebe7e48a6) Importer(815301076,1909f56bfc062723c751e8b465ee728b)
Start importing Assets/Plugins/GitHub using Guid(f9b5288bc2e9e2c4cac8b74ebe7e48a6) Importer(815301076,1909f56bfc062723c751e8b465ee728b)  -> (artifact id: 'af1e858611ef9b39f58506e1a2773989') in 0.006928 seconds 
========================================================================
Received Import Request.
  Time since last request: 0.503659 seconds.
  path: Assets/Plugins/GitHub/Editor
  artifactKey: Guid(cad92998c5182496e8b989b406d9f156) Importer(815301076,1909f56bfc062723c751e8b465ee728b)
Start importing Assets/Plugins/GitHub/Editor using Guid(cad92998c5182496e8b989b406d9f156) Importer(815301076,1909f56bfc062723c751e8b465ee728b)  -> (artifact id: '975eba28ed153958ddc1278b83c44cfa') in 0.007014 seconds 
========================================================================
Received Import Request.
  Time since last request: 0.060976 seconds.
  path: Assets/Plugins/GitHub/Editor/big-logo@2x.png
  artifactKey: Guid(f81094832d834c64d93b198cb16b6a3e) Importer(815301076,1909f56bfc062723c751e8b465ee728b)
Start importing Assets/Plugins/GitHub/Editor/big-logo@2x.png using Guid(f81094832d834c64d93b198cb16b6a3e) Importer(815301076,1909f56bfc062723c751e8b465ee728b)  -> (artifact id: '4f38cba3919185c436fb81e600893c2f') in 0.061013 seconds 
========================================================================
Received Import Request.
  Time since last request: 7.306410 seconds.
  path: Assets/Plugins/GitHub/Editor/x64
  artifactKey: Guid(a0ded7adcc817ce489fec07977f16d13) Importer(815301076,1909f56bfc062723c751e8b465ee728b)
Start importing Assets/Plugins/GitHub/Editor/x64 using Guid(a0ded7adcc817ce489fec07977f16d13) Importer(815301076,1909f56bfc062723c751e8b465ee728b)  -> (artifact id: 'b43b8d714ea2506be084897999ccacbf') in 0.006985 seconds 
========================================================================
Received Import Request.
  Time since last request: 101.362403 seconds.
  path: Assets/materials/New Material 1.mat
  artifactKey: Guid(4049171b63c9b7c4e8758df9c49fa0bb) Importer(815301076,1909f56bfc062723c751e8b465ee728b)
Start importing Assets/materials/New Material 1.mat using Guid(4049171b63c9b7c4e8758df9c49fa0bb) Importer(815301076,1909f56bfc062723c751e8b465ee728b)  -> (artifact id: 'cba0c5b84fdb3f5a92d7c3babfe2393b') in 0.016137 seconds 
========================================================================
Received Import Request.
  Time since last request: 11.237776 seconds.
  path: Assets/Dynamic Soft Shadows Based on Local Cubemaps
  artifactKey: Guid(e90d66000d7f53544927cdb99422bff4) Importer(815301076,1909f56bfc062723c751e8b465ee728b)
Start importing Assets/Dynamic Soft Shadows Based on Local Cubemaps using Guid(e90d66000d7f53544927cdb99422bff4) Importer(815301076,1909f56bfc062723c751e8b465ee728b)  -> (artifact id: '08fc46789967a281d96e0cfc84069aa1') in 0.006774 seconds 
========================================================================
Received Import Request.
  Time since last request: 5.298759 seconds.
  path: Assets/Dynamic Soft Shadows Based on Local Cubemaps/Editor
  artifactKey: Guid(b82a38a434f023048a4f7b9ca3b08c06) Importer(815301076,1909f56bfc062723c751e8b465ee728b)
Start importing Assets/Dynamic Soft Shadows Based on Local Cubemaps/Editor using Guid(b82a38a434f023048a4f7b9ca3b08c06) Importer(815301076,1909f56bfc062723c751e8b465ee728b)  -> (artifact id: '1e981fec2488502ecb2237293d8bc51e') in 0.002867 seconds 
========================================================================
Received Import Request.
  Time since last request: 0.458493 seconds.
  path: Assets/Dynamic Soft Shadows Based on Local Cubemaps/Materials
  artifactKey: Guid(1768031d8d62e62428f7a2579deb9a51) Importer(815301076,1909f56bfc062723c751e8b465ee728b)
Start importing Assets/Dynamic Soft Shadows Based on Local Cubemaps/Materials using Guid(1768031d8d62e62428f7a2579deb9a51) Importer(815301076,1909f56bfc062723c751e8b465ee728b)  -> (artifact id: 'e43d06dcb5bb5445b5f08bf43e7f6f7b') in 0.006524 seconds 
========================================================================
Received Import Request.
  Time since last request: 0.053603 seconds.
  path: Assets/Dynamic Soft Shadows Based on Local Cubemaps/Materials/a1_atlas_01.mat
  artifactKey: Guid(d8ecddbbfd160ac499d9b40d11bdbc41) Importer(815301076,1909f56bfc062723c751e8b465ee728b)
Start importing Assets/Dynamic Soft Shadows Based on Local Cubemaps/Materials/a1_atlas_01.mat using Guid(d8ecddbbfd160ac499d9b40d11bdbc41) Importer(815301076,1909f56bfc062723c751e8b465ee728b)  -> (artifact id: 'acf1d3d552c43ca75e5008ab7d78c5e9') in 0.210866 seconds 
========================================================================
Received Import Request.
  Time since last request: 0.000030 seconds.
  path: Assets/Dynamic Soft Shadows Based on Local Cubemaps/Materials/SkyboxMaterial.mat
  artifactKey: Guid(71802452d7ebb354682b0943bc3810a3) Importer(815301076,1909f56bfc062723c751e8b465ee728b)
Start importing Assets/Dynamic Soft Shadows Based on Local Cubemaps/Materials/SkyboxMaterial.mat using Guid(71802452d7ebb354682b0943bc3810a3) Importer(815301076,1909f56bfc062723c751e8b465ee728b)  -> (artifact id: '67447a61190a1d64f89aca875a398103') in 0.566575 seconds 
========================================================================
Received Import Request.
  Time since last request: 0.000055 seconds.
  path: Assets/Dynamic Soft Shadows Based on Local Cubemaps/Materials/a1_atlas_03_ChessBoard.mat
  artifactKey: Guid(81d42ea313540f04cb09b67b3aa5df66) Importer(815301076,1909f56bfc062723c751e8b465ee728b)
Start importing Assets/Dynamic Soft Shadows Based on Local Cubemaps/Materials/a1_atlas_03_ChessBoard.mat using Guid(81d42ea313540f04cb09b67b3aa5df66) Importer(815301076,1909f56bfc062723c751e8b465ee728b)  -> (artifact id: '3e96e0d4ca997fc61eda0ec449f3a71f') in 0.132205 seconds 
========================================================================
Received Import Request.
  Time since last request: 8.042966 seconds.
  path: Assets/Dynamic Soft Shadows Based on Local Cubemaps/Prefabs
  artifactKey: Guid(a43dfbce3aa4c8b4f9e7d4b9b0635a9c) Importer(815301076,1909f56bfc062723c751e8b465ee728b)
Start importing Assets/Dynamic Soft Shadows Based on Local Cubemaps/Prefabs using Guid(a43dfbce3aa4c8b4f9e7d4b9b0635a9c) Importer(815301076,1909f56bfc062723c751e8b465ee728b)  -> (artifact id: '0fac90a1b76ef23e11326ac37e4c705f') in 0.007533 seconds 
========================================================================
Received Import Request.
  Time since last request: 0.052038 seconds.
  path: Assets/Dynamic Soft Shadows Based on Local Cubemaps/Prefabs/Castle.fbx
  artifactKey: Guid(482a0d899631ba743a9e1b607ed29e64) Importer(815301076,1909f56bfc062723c751e8b465ee728b)
Start importing Assets/Dynamic Soft Shadows Based on Local Cubemaps/Prefabs/Castle.fbx using Guid(482a0d899631ba743a9e1b607ed29e64) Importer(815301076,1909f56bfc062723c751e8b465ee728b)  -> (artifact id: 'd33e4384cf0be1657109d5521baddf64') in 0.076576 seconds 
========================================================================
Received Import Request.
  Time since last request: 0.000027 seconds.
  path: Assets/Dynamic Soft Shadows Based on Local Cubemaps/Prefabs/chessroom.fbx
  artifactKey: Guid(7f1ff98863c0d5142bf2dd018a3f87e2) Importer(815301076,1909f56bfc062723c751e8b465ee728b)
Start importing Assets/Dynamic Soft Shadows Based on Local Cubemaps/Prefabs/chessroom.fbx using Guid(7f1ff98863c0d5142bf2dd018a3f87e2) Importer(815301076,1909f56bfc062723c751e8b465ee728b)  -> (artifact id: 'a057c2fe264f65af5ee902c291c973d7') in 0.311117 seconds 
Editor requested this worker to shutdown with reason: Scaling down because of idle timeout
AssetImportWorker is now disconnected from the server
Process exiting
Exiting without the bug reporter. Application will terminate with return code 0