Using pre-set license
Built from '2021.3/staging' branch; Version is '2021.3.2f1 (d6360bedb9a0) revision 14038539'; Using compiler version '192829333'; Build Type 'Release'
OS: 'Windows 10  (10.0.19043) 64bit Professional' Language: 'tr' Physical Memory: 15792 MB
BatchMode: 1, IsHumanControllingUs: 0, StartBugReporterOnCrash: 0, Is64bit: 1, IsPro: 1

COMMAND LINE ARGUMENTS:
C:\Program Files\Unity\Hub\Editor\2021.3.2f1\Editor\Unity.exe
-adb2
-batchMode
-noUpm
-name
AssetImportWorker2
-projectPath
C:/Users/zsser/Documents/GitHub/unity.game/ball.game
-logFile
Logs/AssetImportWorker2.log
-srvPort
56802
Successfully changed project path to: C:/Users/zsser/Documents/GitHub/unity.game/ball.game
C:/Users/zsser/Documents/GitHub/unity.game/ball.game
[UnityMemory] Configuration Parameters - Can be set up in boot.config
    "memorysetup-bucket-allocator-granularity=16"
    "memorysetup-bucket-allocator-bucket-count=8"
    "memorysetup-bucket-allocator-block-size=33554432"
    "memorysetup-bucket-allocator-block-count=8"
    "memorysetup-main-allocator-block-size=16777216"
    "memorysetup-thread-allocator-block-size=16777216"
    "memorysetup-gfx-main-allocator-block-size=16777216"
    "memorysetup-gfx-thread-allocator-block-size=16777216"
    "memorysetup-cache-allocator-block-size=4194304"
    "memorysetup-typetree-allocator-block-size=2097152"
    "memorysetup-profiler-bucket-allocator-granularity=16"
    "memorysetup-profiler-bucket-allocator-bucket-count=8"
    "memorysetup-profiler-bucket-allocator-block-size=33554432"
    "memorysetup-profiler-bucket-allocator-block-count=8"
    "memorysetup-profiler-allocator-block-size=16777216"
    "memorysetup-profiler-editor-allocator-block-size=1048576"
    "memorysetup-temp-allocator-size-main=16777216"
    "memorysetup-job-temp-allocator-block-size=2097152"
    "memorysetup-job-temp-allocator-block-size-background=1048576"
    "memorysetup-job-temp-allocator-reduction-small-platforms=262144"
    "memorysetup-temp-allocator-size-background-worker=32768"
    "memorysetup-temp-allocator-size-job-worker=262144"
    "memorysetup-temp-allocator-size-preload-manager=33554432"
    "memorysetup-temp-allocator-size-nav-mesh-worker=65536"
    "memorysetup-temp-allocator-size-audio-worker=65536"
    "memorysetup-temp-allocator-size-cloud-worker=32768"
    "memorysetup-temp-allocator-size-gi-baking-worker=262144"
    "memorysetup-temp-allocator-size-gfx=262144"
Refreshing native plugins compatible for Editor in 125.84 ms, found 3 plugins.
Preloading 0 native plugins for Editor in 0.00 ms.
Initialize engine version: 2021.3.2f1 (d6360bedb9a0)
[Subsystems] Discovering subsystems at path C:/Program Files/Unity/Hub/Editor/2021.3.2f1/Editor/Data/Resources/UnitySubsystems
[Subsystems] Discovering subsystems at path C:/Users/zsser/Documents/GitHub/unity.game/ball.game/Assets
GfxDevice: creating device client; threaded=0; jobified=0
Direct3D:
    Version:  Direct3D 11.0 [level 11.1]
    Renderer: NVIDIA GeForce RTX 3050 Ti Laptop GPU (ID=0x25a0)
    Vendor:   NVIDIA
    VRAM:     3990 MB
    Driver:   30.0.15.1278
Initialize mono
Mono path[0] = 'C:/Program Files/Unity/Hub/Editor/2021.3.2f1/Editor/Data/Managed'
Mono path[1] = 'C:/Program Files/Unity/Hub/Editor/2021.3.2f1/Editor/Data/MonoBleedingEdge/lib/mono/unityjit-win32'
Mono config path = 'C:/Program Files/Unity/Hub/Editor/2021.3.2f1/Editor/Data/MonoBleedingEdge/etc'
Using monoOptions --debugger-agent=transport=dt_socket,embedding=1,server=y,suspend=n,address=127.0.0.1:56924
Begin MonoManager ReloadAssembly
Registering precompiled unity dll's ...
Register platform support module: C:/Program Files/Unity/Hub/Editor/2021.3.2f1/Editor/Data/PlaybackEngines/WebGLSupport/UnityEditor.WebGL.Extensions.dll
Register platform support module: C:/Program Files/Unity/Hub/Editor/2021.3.2f1/Editor/Data/PlaybackEngines/WindowsStandaloneSupport/UnityEditor.WindowsStandalone.Extensions.dll
Registered in 0.011713 seconds.
Native extension for WindowsStandalone target not found
Native extension for WebGL target not found
Refreshing native plugins compatible for Editor in 118.52 ms, found 3 plugins.
Preloading 0 native plugins for Editor in 0.00 ms.
Mono: successfully reloaded assembly
- Completed reload, in  0.872 seconds
Domain Reload Profiling:
	ReloadAssembly (872ms)
		BeginReloadAssembly (112ms)
			ExecutionOrderSort (0ms)
			DisableScriptedObjects (0ms)
			BackupInstance (0ms)
			ReleaseScriptingObjects (0ms)
			CreateAndSetChildDomain (1ms)
		EndReloadAssembly (588ms)
			LoadAssemblies (108ms)
			RebuildTransferFunctionScriptingTraits (0ms)
			SetupTypeCache (140ms)
			ReleaseScriptCaches (0ms)
			RebuildScriptCaches (35ms)
			SetupLoadedEditorAssemblies (347ms)
				LogAssemblyErrors (0ms)
				InitializePlatformSupportModulesInManaged (13ms)
				SetLoadedEditorAssemblies (0ms)
				RefreshPlugins (119ms)
				BeforeProcessingInitializeOnLoad (2ms)
				ProcessInitializeOnLoadAttributes (155ms)
				ProcessInitializeOnLoadMethodAttributes (57ms)
				AfterProcessingInitializeOnLoad (0ms)
				EditorAssembliesLoaded (0ms)
			ExecutionOrderSort2 (0ms)
			AwakeInstancesAfterBackupRestoration (0ms)
Platform modules already initialized, skipping
Registering precompiled user dll's ...
Registered in 0.006821 seconds.
Begin MonoManager ReloadAssembly
Symbol file LoadedFromMemory doesn't match image C:\Users\zsser\Documents\GitHub\unity.game\ball.game\Library\PackageCache\com.unity.visualscripting@1.7.6\Editor\VisualScripting.Core\Dependencies\YamlDotNet\Unity.VisualScripting.YamlDotNet.dll
Symbol file LoadedFromMemory doesn't match image C:\Users\zsser\Documents\GitHub\unity.game\ball.game\Library\PackageCache\com.unity.visualscripting@1.7.6\Editor\VisualScripting.Core\Dependencies\DotNetZip\Unity.VisualScripting.IonicZip.dll
Native extension for WindowsStandalone target not found
Native extension for WebGL target not found
Refreshing native plugins compatible for Editor in 0.72 ms, found 3 plugins.
Preloading 0 native plugins for Editor in 0.00 ms.
Mono: successfully reloaded assembly
- Completed reload, in  1.281 seconds
Domain Reload Profiling:
	ReloadAssembly (1282ms)
		BeginReloadAssembly (142ms)
			ExecutionOrderSort (0ms)
			DisableScriptedObjects (7ms)
			BackupInstance (0ms)
			ReleaseScriptingObjects (0ms)
			CreateAndSetChildDomain (25ms)
		EndReloadAssembly (992ms)
			LoadAssemblies (98ms)
			RebuildTransferFunctionScriptingTraits (0ms)
			SetupTypeCache (323ms)
			ReleaseScriptCaches (1ms)
			RebuildScriptCaches (63ms)
			SetupLoadedEditorAssemblies (459ms)
				LogAssemblyErrors (0ms)
				InitializePlatformSupportModulesInManaged (9ms)
				SetLoadedEditorAssemblies (1ms)
				RefreshPlugins (1ms)
				BeforeProcessingInitializeOnLoad (119ms)
				ProcessInitializeOnLoadAttributes (285ms)
				ProcessInitializeOnLoadMethodAttributes (35ms)
				AfterProcessingInitializeOnLoad (10ms)
				EditorAssembliesLoaded (0ms)
			ExecutionOrderSort2 (0ms)
			AwakeInstancesAfterBackupRestoration (7ms)
Platform modules already initialized, skipping
========================================================================
Worker process is ready to serve import requests
Launched and connected shader compiler UnityShaderCompiler.exe after 0.06 seconds
Refreshing native plugins compatible for Editor in 0.99 ms, found 3 plugins.
Preloading 0 native plugins for Editor in 0.00 ms.
Unloading 3360 Unused Serialized files (Serialized files now loaded: 0)
Unloading 26 unused Assets / (112.5 KB). Loaded Objects now: 3818.
Memory consumption went from 116.1 MB to 116.0 MB.
Total: 3.899300 ms (FindLiveObjects: 0.384800 ms CreateObjectMapping: 0.125500 ms MarkObjects: 3.256600 ms  DeleteObjects: 0.130900 ms)

AssetImportParameters requested are different than current active one (requested -> active):
  custom:video-decoder-ogg-theora: a1e56fd34408186e4bbccfd4996cb3dc -> 
  custom:container-muxer-webm: aa71ff27fc2769a1b78a27578f13a17b -> 
  custom:container-demuxer-webm: 4f35f7cbe854078d1ac9338744f61a02 -> 
  custom:video-encoder-webm-vp8: eb34c28f22e8b96e1ab97ce403110664 -> 
  custom:audio-encoder-webm-vorbis: bf7c407c2cedff20999df2af8eb42d56 -> 
  custom:framework-win-MediaFoundation: 216162199b28c13a410421893ffa2e32 -> 
  custom:container-demuxer-ogg: 62fdf1f143b41e24485cea50d1cbac27 -> 
  custom:video-decoder-webm-vp8: 9c59270c3fd7afecdb556c50c9e8de78 -> 
  custom:audio-decoder-ogg-vorbis: bf7c407c2cedff20999df2af8eb42d56 -> 
========================================================================
Received Import Request.
  Time since last request: 1485080.780187 seconds.
  path: Assets/Meshes
  artifactKey: Guid(35eeeba1a8139d84b8a893454d893160) Importer(815301076,1909f56bfc062723c751e8b465ee728b)
Start importing Assets/Meshes using Guid(35eeeba1a8139d84b8a893454d893160) Importer(815301076,1909f56bfc062723c751e8b465ee728b)  -> (artifact id: '88ec0e9a561cd82c2d572514136f5ef0') in 0.021434 seconds 
========================================================================
Received Import Request.
  Time since last request: 1.051735 seconds.
  path: Assets/Meshes/Concrete pipes
  artifactKey: Guid(5785f0501ed5fbe4587ff4decf964020) Importer(815301076,1909f56bfc062723c751e8b465ee728b)
Start importing Assets/Meshes/Concrete pipes using Guid(5785f0501ed5fbe4587ff4decf964020) Importer(815301076,1909f56bfc062723c751e8b465ee728b)  -> (artifact id: 'db7c7f9624eae14e89b98aa1d00c896a') in 0.010392 seconds 
========================================================================
Received Import Request.
  Time since last request: 0.130826 seconds.
  path: Assets/Meshes/Concrete pipes/Concrete pipe bend prefab.prefab
  artifactKey: Guid(40dc748b62c284942908a813a3725c69) Importer(815301076,1909f56bfc062723c751e8b465ee728b)
Start importing Assets/Meshes/Concrete pipes/Concrete pipe bend prefab.prefab using Guid(40dc748b62c284942908a813a3725c69) Importer(815301076,1909f56bfc062723c751e8b465ee728b)  -> (artifact id: '4fa099e365e11d6031d9ef1b1d0f3110') in 0.535329 seconds 
========================================================================
Received Import Request.
  Time since last request: 102.444619 seconds.
  path: Assets/assets/Meshes/Concrete pipes/Materials
  artifactKey: Guid(dad91945aa0a78140a6623cd7a7bc3e6) Importer(815301076,1909f56bfc062723c751e8b465ee728b)
Start importing Assets/assets/Meshes/Concrete pipes/Materials using Guid(dad91945aa0a78140a6623cd7a7bc3e6) Importer(815301076,1909f56bfc062723c751e8b465ee728b)  -> (artifact id: 'd6eb1173cc760ce173047ce7728e2973') in 0.004471 seconds 
========================================================================
Received Import Request.
  Time since last request: 0.250058 seconds.
  path: Assets/assets/Meshes/Concrete pipes/Materials/Concrete pipes Mat.mat
  artifactKey: Guid(25de38ce1212e1d4fbd4e54debd64148) Importer(815301076,1909f56bfc062723c751e8b465ee728b)
Start importing Assets/assets/Meshes/Concrete pipes/Materials/Concrete pipes Mat.mat using Guid(25de38ce1212e1d4fbd4e54debd64148) Importer(815301076,1909f56bfc062723c751e8b465ee728b)  -> (artifact id: '10ebfaad848680025a0b11cfb927ba04') in 0.060141 seconds 
========================================================================
Received Import Request.
  Time since last request: 4.009341 seconds.
  path: Assets/assets/Free/Wooden Floor Pack/Materials/Wooden Floor.mat
  artifactKey: Guid(5de9b7ba7a360b7409c89428c77dd241) Importer(815301076,1909f56bfc062723c751e8b465ee728b)
Start importing Assets/assets/Free/Wooden Floor Pack/Materials/Wooden Floor.mat using Guid(5de9b7ba7a360b7409c89428c77dd241) Importer(815301076,1909f56bfc062723c751e8b465ee728b)  -> (artifact id: 'e48124525b2afdb3a8a300b473d118e3') in 0.073064 seconds 
========================================================================
Received Import Request.
  Time since last request: 362.450981 seconds.
  path: Assets/assets/Free/Wooden Floor Pack/Textures
  artifactKey: Guid(cb8eb2715f75fd749a4ef1d2a357ca53) Importer(815301076,1909f56bfc062723c751e8b465ee728b)
Start importing Assets/assets/Free/Wooden Floor Pack/Textures using Guid(cb8eb2715f75fd749a4ef1d2a357ca53) Importer(815301076,1909f56bfc062723c751e8b465ee728b)  -> (artifact id: '647105a864084a62a36ffb144ed49bd1') in 0.007477 seconds 
========================================================================
Received Import Request.
  Time since last request: 0.753035 seconds.
  path: Assets/assets/Free/Wooden Floor Pack/Textures/Wooden Floor2
  artifactKey: Guid(ddba1bb09927d9e469915a5e799f4daa) Importer(815301076,1909f56bfc062723c751e8b465ee728b)
Start importing Assets/assets/Free/Wooden Floor Pack/Textures/Wooden Floor2 using Guid(ddba1bb09927d9e469915a5e799f4daa) Importer(815301076,1909f56bfc062723c751e8b465ee728b)  -> (artifact id: '2df9a76278ab167b2a413dcf8611a213') in 0.007011 seconds 
========================================================================
Received Import Request.
  Time since last request: 0.060225 seconds.
  path: Assets/assets/Free/Wooden Floor Pack/Textures/Wooden Floor2/Wooden Floor2_4K_Albedo.tga
  artifactKey: Guid(bf20028737caea2408056161cb347fa9) Importer(815301076,1909f56bfc062723c751e8b465ee728b)
Start importing Assets/assets/Free/Wooden Floor Pack/Textures/Wooden Floor2/Wooden Floor2_4K_Albedo.tga using Guid(bf20028737caea2408056161cb347fa9) Importer(815301076,1909f56bfc062723c751e8b465ee728b)  -> (artifact id: '808ee32467d3d39599480cf883ed07ed') in 0.035767 seconds 
========================================================================
Received Import Request.
  Time since last request: 0.000034 seconds.
  path: Assets/assets/Free/Wooden Floor Pack/Textures/Wooden Floor2/Wooden Floor2_4K_Metalness.tga
  artifactKey: Guid(c7e63f17374c41f408fcb8b7db64cdeb) Importer(815301076,1909f56bfc062723c751e8b465ee728b)
Start importing Assets/assets/Free/Wooden Floor Pack/Textures/Wooden Floor2/Wooden Floor2_4K_Metalness.tga using Guid(c7e63f17374c41f408fcb8b7db64cdeb) Importer(815301076,1909f56bfc062723c751e8b465ee728b)  -> (artifact id: 'e69b2c4cf624185e445f1f200d1ffa8b') in 0.018666 seconds 
========================================================================
Received Import Request.
  Time since last request: 0.000029 seconds.
  path: Assets/assets/Free/Wooden Floor Pack/Textures/Wooden Floor2/Wooden Floor2_4K_Normal.tga
  artifactKey: Guid(a30d68615ce3b244d8f5262280bf3d81) Importer(815301076,1909f56bfc062723c751e8b465ee728b)
Start importing Assets/assets/Free/Wooden Floor Pack/Textures/Wooden Floor2/Wooden Floor2_4K_Normal.tga using Guid(a30d68615ce3b244d8f5262280bf3d81) Importer(815301076,1909f56bfc062723c751e8b465ee728b)  -> (artifact id: '0ffccb982aaf958640d2d8baf8ad841e') in 0.035322 seconds 
========================================================================
Received Import Request.
  Time since last request: 0.000043 seconds.
  path: Assets/assets/Free/Wooden Floor Pack/Textures/Wooden Floor2/Wooden Floor2_4K_Roughness.tga
  artifactKey: Guid(3ae19a12eaa045b4eaaf1bb32fe82f2e) Importer(815301076,1909f56bfc062723c751e8b465ee728b)
Start importing Assets/assets/Free/Wooden Floor Pack/Textures/Wooden Floor2/Wooden Floor2_4K_Roughness.tga using Guid(3ae19a12eaa045b4eaaf1bb32fe82f2e) Importer(815301076,1909f56bfc062723c751e8b465ee728b)  -> (artifact id: '4045bb442cbe0dd6940697b1186e3f0e') in 0.026143 seconds 
========================================================================
Received Import Request.
  Time since last request: 12.186581 seconds.
  path: Assets/assets/Free/Wooden Floor Pack/Textures/Wooden Floor2/Materials/Wooden Floor2_4K_Displacement.mat
  artifactKey: Guid(706f5d26603364a4eaeb35bb4501c2e1) Importer(815301076,1909f56bfc062723c751e8b465ee728b)
Start importing Assets/assets/Free/Wooden Floor Pack/Textures/Wooden Floor2/Materials/Wooden Floor2_4K_Displacement.mat using Guid(706f5d26603364a4eaeb35bb4501c2e1) Importer(815301076,1909f56bfc062723c751e8b465ee728b)  -> (artifact id: '7ae9f2b23eb8caa2e8ab3d2884e9376c') in 0.209197 seconds 
========================================================================
Received Import Request.
  Time since last request: 0.000035 seconds.
  path: Assets/assets/Free/Wooden Floor Pack/Textures/Wooden Floor2/Materials/Wooden Floor2_4K_Roughness.mat
  artifactKey: Guid(710ed6e55fa3261419f4fde6c70884e5) Importer(815301076,1909f56bfc062723c751e8b465ee728b)
Start importing Assets/assets/Free/Wooden Floor Pack/Textures/Wooden Floor2/Materials/Wooden Floor2_4K_Roughness.mat using Guid(710ed6e55fa3261419f4fde6c70884e5) Importer(815301076,1909f56bfc062723c751e8b465ee728b)  -> (artifact id: '45bc8a3ad673c20ec9b3446bd782accb') in 0.024663 seconds 
Editor requested this worker to shutdown with reason: Scaling down because of idle timeout
AssetImportWorker is now disconnected from the server
Process exiting
Exiting without the bug reporter. Application will terminate with return code 0